2023-04-30 00:58:42,099 INFO org.springframework.boot.StartupInfoLogger [main] Starting LibraryApplication using Java 17.0.6 on PcJavi with PID 19680 (C:\Users\javi_\IdeaProjects\Library\target\classes started by javi_ in C:\Users\javi_\IdeaProjects\Library)
2023-04-30 00:58:42,102 INFO org.springframework.boot.SpringApplication [main] No active profile set, falling back to 1 default profile: "default"
2023-04-30 00:58:43,040 INFO org.apache.juli.logging.DirectJDKLog [main] Initializing ProtocolHandler ["http-nio-8081"]
2023-04-30 00:58:43,041 INFO org.apache.juli.logging.DirectJDKLog [main] Starting service [Tomcat]
2023-04-30 00:58:43,041 INFO org.apache.juli.logging.DirectJDKLog [main] Starting Servlet engine: [Apache Tomcat/9.0.65]
2023-04-30 00:58:43,137 INFO org.apache.juli.logging.DirectJDKLog [main] Initializing Spring embedded WebApplicationContext
2023-04-30 00:58:43,457 INFO com.zaxxer.hikari.HikariDataSource [main] HikariPool-1 - Starting...
2023-04-30 00:58:43,655 INFO com.zaxxer.hikari.HikariDataSource [main] HikariPool-1 - Start completed.
2023-04-30 00:58:44,520 WARN org.springframework.boot.autoconfigure.orm.jpa.JpaBaseConfiguration$JpaWebConfiguration [main] spring.jpa.open-in-view is enabled by default. Therefore, database queries may be performed during view rendering. Explicitly configure spring.jpa.open-in-view to disable this warning
2023-04-30 00:58:44,949 INFO org.apache.juli.logging.DirectJDKLog [main] Starting ProtocolHandler ["http-nio-8081"]
2023-04-30 00:58:44,972 INFO org.springframework.boot.StartupInfoLogger [main] Started LibraryApplication in 3.138 seconds (JVM running for 3.509)
2023-04-30 00:59:00,810 INFO org.apache.juli.logging.DirectJDKLog [http-nio-8081-exec-1] Initializing Spring DispatcherServlet 'dispatcherServlet'
2023-04-30 00:59:01,378 INFO org.springdoc.api.AbstractOpenApiResource [http-nio-8081-exec-1] Init duration for springdoc-openapi is: 544 ms
2023-04-30 01:33:55,178 INFO com.svalero.library.controller.UserController [http-nio-8081-exec-8] POST Users
2023-04-30 01:33:55,183 INFO com.svalero.library.service.UserServiceImpl [http-nio-8081-exec-8] Added User: User(id=0, code=B1, name=Javier, lastName=Vizcaino, address=Calle, phoneNumber=654, email=javi, birthdate=1993-05-14, isMember=true, userRents=null)
2023-04-30 01:33:55,221 INFO com.svalero.library.controller.UserController [http-nio-8081-exec-8] END POST Users
2023-04-30 01:35:49,280 INFO com.svalero.library.controller.BookController [http-nio-8081-exec-3] POST Book
2023-04-30 01:35:49,285 INFO com.svalero.library.service.BookServiceImpl [http-nio-8081-exec-3] Added Book: Book(id=0, code=C1, title=Esto, author=Javier, year=2022-05-14, genre=action, description=prueba, pages=100, price=1.5, hasStock=true, rent=null)
2023-04-30 01:35:49,290 INFO com.svalero.library.controller.BookController [http-nio-8081-exec-3] END POST Book
2023-04-30 01:37:14,355 INFO com.svalero.library.controller.StockController [http-nio-8081-exec-6] POST Stocks
2023-04-30 01:37:14,358 INFO com.svalero.library.service.StockServiceImpl [http-nio-8081-exec-6] Stock added: Stock(id=0, code=Code - 647, isAvailable=true, quantity=1)
2023-04-30 01:37:14,363 INFO com.svalero.library.controller.StockController [http-nio-8081-exec-6] END POST Stocks
2023-04-30 02:57:16,171 ERROR com.svalero.library.controller.UserController [http-nio-8081-exec-8] PATCH User
2023-04-30 02:57:16,194 ERROR com.svalero.library.controller.UserController [http-nio-8081-exec-8] User not found
