2023-05-08 14:32:14,598 INFO org.springframework.boot.StartupInfoLogger [main] Starting LibraryApplication using Java 17.0.6 on PcJavi with PID 2072 (C:\Users\javi_\IdeaProjects\Library\target\classes started by javi_ in C:\Users\javi_\IdeaProjects\Library)
2023-05-08 14:32:14,602 INFO org.springframework.boot.SpringApplication [main] No active profile set, falling back to 1 default profile: "default"
2023-05-08 14:32:15,522 INFO org.apache.juli.logging.DirectJDKLog [main] Initializing ProtocolHandler ["http-nio-8081"]
2023-05-08 14:32:15,522 INFO org.apache.juli.logging.DirectJDKLog [main] Starting service [Tomcat]
2023-05-08 14:32:15,523 INFO org.apache.juli.logging.DirectJDKLog [main] Starting Servlet engine: [Apache Tomcat/9.0.65]
2023-05-08 14:32:15,626 INFO org.apache.juli.logging.DirectJDKLog [main] Initializing Spring embedded WebApplicationContext
2023-05-08 14:32:15,952 INFO com.zaxxer.hikari.HikariDataSource [main] HikariPool-1 - Starting...
2023-05-08 14:32:16,160 INFO com.zaxxer.hikari.HikariDataSource [main] HikariPool-1 - Start completed.
2023-05-08 14:32:17,051 WARN org.springframework.boot.autoconfigure.orm.jpa.JpaBaseConfiguration$JpaWebConfiguration [main] spring.jpa.open-in-view is enabled by default. Therefore, database queries may be performed during view rendering. Explicitly configure spring.jpa.open-in-view to disable this warning
2023-05-08 14:32:17,235 INFO org.apache.juli.logging.DirectJDKLog [main] Starting ProtocolHandler ["http-nio-8081"]
2023-05-08 14:32:17,265 INFO org.springframework.boot.StartupInfoLogger [main] Started LibraryApplication in 2.958 seconds (JVM running for 3.34)
2023-05-08 14:32:19,097 INFO org.apache.juli.logging.DirectJDKLog [http-nio-8081-exec-1] Initializing Spring DispatcherServlet 'dispatcherServlet'
2023-05-08 14:32:19,129 INFO com.svalero.library.controller.BookController [http-nio-8081-exec-1] GET Books
2023-05-08 14:32:25,274 INFO com.svalero.library.controller.BookController [http-nio-8081-exec-2] GET Book
2023-05-08 14:32:25,276 INFO com.svalero.library.service.BookServiceImpl [http-nio-8081-exec-2] Book id: 1
2023-05-08 14:32:25,282 INFO com.svalero.library.controller.BookController [http-nio-8081-exec-2] END GET Book
2023-05-08 14:53:37,623 INFO com.svalero.library.controller.BookController [http-nio-8081-exec-6] GET Books
2023-05-08 16:54:05,914 INFO com.svalero.library.controller.BookController [http-nio-8081-exec-1] GET Books
2023-05-08 16:54:27,554 INFO com.svalero.library.controller.BookController [http-nio-8081-exec-3] GET Books
2023-05-08 16:58:55,367 INFO com.svalero.library.controller.BookController [http-nio-8081-exec-6] GET Books
2023-05-08 16:58:58,080 INFO com.svalero.library.controller.BookController [http-nio-8081-exec-5] GET Books
2023-05-08 16:59:40,385 INFO com.svalero.library.controller.BookController [http-nio-8081-exec-9] GET Books
2023-05-08 16:59:48,157 INFO com.svalero.library.controller.BookController [http-nio-8081-exec-1] GET Books
2023-05-08 17:03:27,739 INFO com.svalero.library.controller.BookController [http-nio-8081-exec-3] GET Books
2023-05-08 17:03:31,394 INFO com.svalero.library.controller.BookController [http-nio-8081-exec-5] GET Books
2023-05-08 17:05:11,500 INFO com.svalero.library.controller.BookController [http-nio-8081-exec-2] GET Books
2023-05-08 17:06:02,761 INFO com.svalero.library.controller.BookController [http-nio-8081-exec-3] GET Books
2023-05-08 17:06:11,968 INFO com.svalero.library.controller.BookController [http-nio-8081-exec-8] GET Books
2023-05-08 17:06:23,874 INFO com.svalero.library.controller.BookController [http-nio-8081-exec-10] GET Books
2023-05-08 17:06:54,702 INFO org.springframework.boot.StartupInfoLogger [main] Starting LibraryApplication using Java 17.0.6 on PcJavi with PID 19980 (C:\Users\javi_\IdeaProjects\Library\target\classes started by javi_ in C:\Users\javi_\IdeaProjects\Library)
2023-05-08 17:06:54,704 INFO org.springframework.boot.SpringApplication [main] No active profile set, falling back to 1 default profile: "default"
2023-05-08 17:06:55,591 INFO org.apache.juli.logging.DirectJDKLog [main] Initializing ProtocolHandler ["http-nio-8081"]
2023-05-08 17:06:55,592 INFO org.apache.juli.logging.DirectJDKLog [main] Starting service [Tomcat]
2023-05-08 17:06:55,592 INFO org.apache.juli.logging.DirectJDKLog [main] Starting Servlet engine: [Apache Tomcat/9.0.65]
2023-05-08 17:06:55,692 INFO org.apache.juli.logging.DirectJDKLog [main] Initializing Spring embedded WebApplicationContext
2023-05-08 17:06:56,021 INFO com.zaxxer.hikari.HikariDataSource [main] HikariPool-1 - Starting...
2023-05-08 17:06:56,264 INFO com.zaxxer.hikari.HikariDataSource [main] HikariPool-1 - Start completed.
2023-05-08 17:06:57,212 WARN org.springframework.boot.autoconfigure.orm.jpa.JpaBaseConfiguration$JpaWebConfiguration [main] spring.jpa.open-in-view is enabled by default. Therefore, database queries may be performed during view rendering. Explicitly configure spring.jpa.open-in-view to disable this warning
2023-05-08 17:06:57,401 INFO org.apache.juli.logging.DirectJDKLog [main] Starting ProtocolHandler ["http-nio-8081"]
2023-05-08 17:06:57,441 INFO org.springframework.boot.StartupInfoLogger [main] Started LibraryApplication in 2.997 seconds (JVM running for 3.371)
2023-05-08 17:06:57,936 INFO org.apache.juli.logging.DirectJDKLog [http-nio-8081-exec-1] Initializing Spring DispatcherServlet 'dispatcherServlet'
2023-05-08 17:06:57,960 INFO com.svalero.library.controller.BookController [http-nio-8081-exec-1] GET Books
2023-05-08 17:06:59,324 INFO com.svalero.library.controller.BookController [http-nio-8081-exec-2] GET Books
2023-05-08 17:07:01,728 INFO com.svalero.library.controller.BookController [http-nio-8081-exec-4] GET Books
2023-05-08 17:08:42,354 INFO com.svalero.library.controller.BookController [http-nio-8081-exec-1] GET Books
2023-05-08 17:08:45,309 ERROR com.svalero.library.controller.BookController [http-nio-8081-exec-2] DELETE Book
2023-05-08 17:08:45,316 INFO com.svalero.library.service.BookServiceImpl [http-nio-8081-exec-2] Deleted Book: 1
2023-05-08 17:08:45,340 ERROR com.svalero.library.controller.BookController [http-nio-8081-exec-2] END DELETE Book
2023-05-08 17:08:47,650 INFO com.svalero.library.controller.BookController [http-nio-8081-exec-4] GET Books
2023-05-08 17:14:36,178 INFO com.svalero.library.controller.BookController [http-nio-8081-exec-3] GET Books
2023-05-08 17:14:36,968 INFO com.svalero.library.controller.BookController [http-nio-8081-exec-4] GET Book
2023-05-08 17:14:36,969 INFO com.svalero.library.service.BookServiceImpl [http-nio-8081-exec-4] Book id: 0
2023-05-08 17:14:36,972 ERROR com.svalero.library.controller.BookController [http-nio-8081-exec-4] Book not found 
2023-05-08 17:14:41,298 INFO com.svalero.library.controller.BookController [http-nio-8081-exec-5] GET Books
2023-05-08 17:15:26,425 INFO com.svalero.library.controller.BookController [http-nio-8081-exec-9] GET Books
2023-05-08 17:15:27,221 INFO com.svalero.library.controller.BookController [http-nio-8081-exec-10] GET Book
2023-05-08 17:15:27,221 INFO com.svalero.library.service.BookServiceImpl [http-nio-8081-exec-10] Book id: 0
2023-05-08 17:15:27,222 ERROR com.svalero.library.controller.BookController [http-nio-8081-exec-10] Book not found 
2023-05-08 17:15:28,514 INFO com.svalero.library.controller.BookController [http-nio-8081-exec-1] GET Books
2023-05-08 17:32:34,933 INFO com.svalero.library.controller.BookController [http-nio-8081-exec-5] GET Books
2023-05-08 17:32:36,105 INFO com.svalero.library.controller.BookController [http-nio-8081-exec-6] GET Book
2023-05-08 17:32:36,105 INFO com.svalero.library.service.BookServiceImpl [http-nio-8081-exec-6] Book id: 161
2023-05-08 17:32:36,107 INFO com.svalero.library.controller.BookController [http-nio-8081-exec-6] END GET Book
2023-05-08 17:32:55,386 INFO com.svalero.library.controller.BookController [http-nio-8081-exec-7] GET Books
2023-05-08 17:32:58,026 INFO com.svalero.library.controller.BookController [http-nio-8081-exec-8] GET Book
2023-05-08 17:32:58,026 INFO com.svalero.library.service.BookServiceImpl [http-nio-8081-exec-8] Book id: 161
2023-05-08 17:32:58,027 INFO com.svalero.library.controller.BookController [http-nio-8081-exec-8] END GET Book
2023-05-08 17:32:59,846 INFO com.svalero.library.controller.BookController [http-nio-8081-exec-9] GET Books
2023-05-08 17:33:00,999 INFO com.svalero.library.controller.BookController [http-nio-8081-exec-10] GET Book
2023-05-08 17:33:01,000 INFO com.svalero.library.service.BookServiceImpl [http-nio-8081-exec-10] Book id: 193
2023-05-08 17:33:01,002 INFO com.svalero.library.controller.BookController [http-nio-8081-exec-10] END GET Book
2023-05-08 17:33:04,534 INFO com.svalero.library.controller.BookController [http-nio-8081-exec-1] GET Books
2023-05-08 17:33:06,253 ERROR com.svalero.library.controller.BookController [http-nio-8081-exec-2] DELETE Book
2023-05-08 17:33:06,255 INFO com.svalero.library.service.BookServiceImpl [http-nio-8081-exec-2] Deleted Book: 161
2023-05-08 17:33:06,257 ERROR com.svalero.library.controller.BookController [http-nio-8081-exec-2] END DELETE Book
2023-05-08 17:33:29,702 INFO com.svalero.library.controller.BookController [http-nio-8081-exec-3] POST Book
2023-05-08 17:33:29,708 INFO com.svalero.library.service.BookServiceImpl [http-nio-8081-exec-3] Added Book: Book(id=0, code=AC1, title=Prueba, author=Tolkien, year=1990, genre=Ficcion, description=Esto es prueba, pages=5000, price=5.0, hasStock=true, rent=null)
2023-05-08 17:33:29,721 INFO com.svalero.library.controller.BookController [http-nio-8081-exec-3] END POST Book
2023-05-08 17:33:41,204 INFO com.svalero.library.controller.BookController [http-nio-8081-exec-6] GET Books
2023-05-08 17:33:42,784 INFO com.svalero.library.controller.BookController [http-nio-8081-exec-7] GET Book
2023-05-08 17:33:42,785 INFO com.svalero.library.service.BookServiceImpl [http-nio-8081-exec-7] Book id: 225
2023-05-08 17:33:42,786 INFO com.svalero.library.controller.BookController [http-nio-8081-exec-7] END GET Book
2023-05-08 17:33:54,266 INFO com.svalero.library.controller.BookController [http-nio-8081-exec-9] GET Books
2023-05-08 17:43:07,676 INFO com.svalero.library.controller.BookController [http-nio-8081-exec-2] GET Books
2023-05-08 17:43:08,919 INFO com.svalero.library.controller.BookController [http-nio-8081-exec-3] GET Book
2023-05-08 17:43:08,920 INFO com.svalero.library.service.BookServiceImpl [http-nio-8081-exec-3] Book id: 193
2023-05-08 17:43:08,922 INFO com.svalero.library.controller.BookController [http-nio-8081-exec-3] END GET Book
2023-05-08 17:43:10,171 INFO com.svalero.library.controller.BookController [http-nio-8081-exec-4] GET Books
2023-05-08 19:13:08,252 INFO org.springframework.boot.StartupInfoLogger [main] Starting LibraryApplication using Java 17.0.6 on PcJavi with PID 7336 (C:\Users\javi_\IdeaProjects\Library\target\classes started by javi_ in C:\Users\javi_\IdeaProjects\Library)
2023-05-08 19:13:08,255 INFO org.springframework.boot.SpringApplication [main] No active profile set, falling back to 1 default profile: "default"
2023-05-08 19:13:09,387 INFO org.apache.juli.logging.DirectJDKLog [main] Initializing ProtocolHandler ["http-nio-8081"]
2023-05-08 19:13:09,388 INFO org.apache.juli.logging.DirectJDKLog [main] Starting service [Tomcat]
2023-05-08 19:13:09,389 INFO org.apache.juli.logging.DirectJDKLog [main] Starting Servlet engine: [Apache Tomcat/9.0.65]
2023-05-08 19:13:09,492 INFO org.apache.juli.logging.DirectJDKLog [main] Initializing Spring embedded WebApplicationContext
2023-05-08 19:13:09,839 INFO com.zaxxer.hikari.HikariDataSource [main] HikariPool-1 - Starting...
2023-05-08 19:13:10,047 INFO com.zaxxer.hikari.HikariDataSource [main] HikariPool-1 - Start completed.
2023-05-08 19:13:11,069 WARN org.springframework.boot.autoconfigure.orm.jpa.JpaBaseConfiguration$JpaWebConfiguration [main] spring.jpa.open-in-view is enabled by default. Therefore, database queries may be performed during view rendering. Explicitly configure spring.jpa.open-in-view to disable this warning
2023-05-08 19:13:11,259 INFO org.apache.juli.logging.DirectJDKLog [main] Starting ProtocolHandler ["http-nio-8081"]
2023-05-08 19:13:11,288 INFO org.springframework.boot.StartupInfoLogger [main] Started LibraryApplication in 3.334 seconds (JVM running for 3.843)
2023-05-08 19:19:26,325 INFO org.apache.juli.logging.DirectJDKLog [http-nio-8081-exec-1] Initializing Spring DispatcherServlet 'dispatcherServlet'
2023-05-08 19:19:26,358 INFO com.svalero.library.controller.BookController [http-nio-8081-exec-1] GET Books
2023-05-08 19:19:28,160 INFO com.svalero.library.controller.BookController [http-nio-8081-exec-2] GET Book
2023-05-08 19:19:28,162 INFO com.svalero.library.service.BookServiceImpl [http-nio-8081-exec-2] Book id: 193
2023-05-08 19:19:28,170 INFO com.svalero.library.controller.BookController [http-nio-8081-exec-2] END GET Book
2023-05-08 19:19:38,555 INFO com.svalero.library.controller.BookController [http-nio-8081-exec-5] GET Books
2023-05-08 19:19:39,449 INFO com.svalero.library.controller.BookController [http-nio-8081-exec-6] GET Book
2023-05-08 19:19:39,450 INFO com.svalero.library.service.BookServiceImpl [http-nio-8081-exec-6] Book id: 225
2023-05-08 19:19:39,451 INFO com.svalero.library.controller.BookController [http-nio-8081-exec-6] END GET Book
2023-05-08 19:20:50,488 INFO com.svalero.library.controller.BookController [http-nio-8081-exec-9] GET Books
2023-05-08 19:20:51,313 INFO com.svalero.library.controller.BookController [http-nio-8081-exec-10] GET Book
2023-05-08 19:20:51,313 INFO com.svalero.library.service.BookServiceImpl [http-nio-8081-exec-10] Book id: 0
2023-05-08 19:20:51,317 ERROR com.svalero.library.controller.BookController [http-nio-8081-exec-10] Book not found 
2023-05-08 19:20:59,945 INFO com.svalero.library.controller.BookController [http-nio-8081-exec-1] GET Books
2023-05-08 19:21:00,762 INFO com.svalero.library.controller.BookController [http-nio-8081-exec-2] GET Book
2023-05-08 19:21:00,763 INFO com.svalero.library.service.BookServiceImpl [http-nio-8081-exec-2] Book id: 0
2023-05-08 19:21:00,763 ERROR com.svalero.library.controller.BookController [http-nio-8081-exec-2] Book not found 
2023-05-08 19:21:05,058 INFO com.svalero.library.controller.BookController [http-nio-8081-exec-4] GET Books
2023-05-08 19:24:25,995 INFO com.svalero.library.controller.BookController [http-nio-8081-exec-9] GET Books
2023-05-08 19:24:28,479 INFO com.svalero.library.controller.BookController [http-nio-8081-exec-10] GET Books
2023-05-08 19:24:40,687 INFO com.svalero.library.controller.BookController [http-nio-8081-exec-4] GET Books
2023-05-08 19:25:52,651 INFO com.svalero.library.controller.BookController [http-nio-8081-exec-5] GET Books
2023-05-08 19:26:41,946 INFO com.svalero.library.controller.BookController [http-nio-8081-exec-7] GET Books
2023-05-08 19:26:59,675 INFO com.svalero.library.controller.BookController [http-nio-8081-exec-9] GET Books
2023-05-08 19:27:03,524 INFO com.svalero.library.controller.BookController [http-nio-8081-exec-10] GET Books
2023-05-08 19:27:06,135 INFO com.svalero.library.controller.BookController [http-nio-8081-exec-1] GET Books
2023-05-08 19:27:45,160 INFO com.svalero.library.controller.BookController [http-nio-8081-exec-5] GET Books
2023-05-08 19:27:47,225 INFO com.svalero.library.controller.BookController [http-nio-8081-exec-6] GET Books
2023-05-08 19:28:55,499 INFO com.svalero.library.controller.BookController [http-nio-8081-exec-9] GET Books
2023-05-08 19:28:57,440 INFO com.svalero.library.controller.BookController [http-nio-8081-exec-10] GET Books
2023-05-08 19:29:22,952 INFO com.svalero.library.controller.BookController [http-nio-8081-exec-2] GET Books
2023-05-08 19:36:16,198 INFO com.svalero.library.controller.BookController [http-nio-8081-exec-6] GET Books
2023-05-08 19:36:17,005 INFO com.svalero.library.controller.BookController [http-nio-8081-exec-7] GET Book
2023-05-08 19:36:17,005 INFO com.svalero.library.service.BookServiceImpl [http-nio-8081-exec-7] Book id: 225
2023-05-08 19:36:17,008 INFO com.svalero.library.controller.BookController [http-nio-8081-exec-7] END GET Book
2023-05-08 19:36:19,151 INFO com.svalero.library.controller.BookController [http-nio-8081-exec-10] GET Books
2023-05-08 19:36:20,357 INFO com.svalero.library.controller.BookController [http-nio-8081-exec-1] GET Book
2023-05-08 19:36:20,358 INFO com.svalero.library.service.BookServiceImpl [http-nio-8081-exec-1] Book id: 193
2023-05-08 19:36:20,359 INFO com.svalero.library.controller.BookController [http-nio-8081-exec-1] END GET Book
2023-05-08 19:45:54,436 INFO com.svalero.library.controller.BookController [http-nio-8081-exec-3] GET Books
2023-05-08 19:45:55,279 INFO com.svalero.library.controller.BookController [http-nio-8081-exec-5] GET Book
2023-05-08 19:45:55,280 INFO com.svalero.library.service.BookServiceImpl [http-nio-8081-exec-5] Book id: 193
2023-05-08 19:45:55,282 INFO com.svalero.library.controller.BookController [http-nio-8081-exec-5] END GET Book
2023-05-08 19:46:07,405 INFO com.svalero.library.controller.BookController [http-nio-8081-exec-8] GET Books
2023-05-08 19:46:08,159 INFO com.svalero.library.controller.BookController [http-nio-8081-exec-9] GET Book
2023-05-08 19:46:08,159 INFO com.svalero.library.service.BookServiceImpl [http-nio-8081-exec-9] Book id: 193
2023-05-08 19:46:08,161 INFO com.svalero.library.controller.BookController [http-nio-8081-exec-9] END GET Book
2023-05-08 19:47:24,809 INFO com.svalero.library.controller.BookController [http-nio-8081-exec-2] GET Books
2023-05-08 19:47:25,709 INFO com.svalero.library.controller.BookController [http-nio-8081-exec-4] GET Book
2023-05-08 19:47:25,709 INFO com.svalero.library.service.BookServiceImpl [http-nio-8081-exec-4] Book id: 225
2023-05-08 19:47:25,710 INFO com.svalero.library.controller.BookController [http-nio-8081-exec-4] END GET Book
2023-05-08 19:51:13,245 INFO com.svalero.library.controller.BookController [http-nio-8081-exec-6] GET Books
2023-05-08 19:51:14,692 INFO com.svalero.library.controller.BookController [http-nio-8081-exec-7] GET Book
2023-05-08 19:51:14,692 INFO com.svalero.library.service.BookServiceImpl [http-nio-8081-exec-7] Book id: 129
2023-05-08 19:51:14,694 INFO com.svalero.library.controller.BookController [http-nio-8081-exec-7] END GET Book
2023-05-08 19:51:17,308 INFO com.svalero.library.controller.BookController [http-nio-8081-exec-8] GET Books
2023-05-08 20:41:53,528 INFO org.springframework.boot.StartupInfoLogger [main] Starting LibraryApplication using Java 17.0.6 on PcJavi with PID 22760 (C:\Users\javi_\IdeaProjects\Library\target\classes started by javi_ in C:\Users\javi_\IdeaProjects\Library)
2023-05-08 20:41:53,530 INFO org.springframework.boot.SpringApplication [main] No active profile set, falling back to 1 default profile: "default"
2023-05-08 20:41:54,464 INFO org.apache.juli.logging.DirectJDKLog [main] Initializing ProtocolHandler ["http-nio-8081"]
2023-05-08 20:41:54,465 INFO org.apache.juli.logging.DirectJDKLog [main] Starting service [Tomcat]
2023-05-08 20:41:54,465 INFO org.apache.juli.logging.DirectJDKLog [main] Starting Servlet engine: [Apache Tomcat/9.0.65]
2023-05-08 20:41:54,567 INFO org.apache.juli.logging.DirectJDKLog [main] Initializing Spring embedded WebApplicationContext
2023-05-08 20:41:54,970 INFO com.zaxxer.hikari.HikariDataSource [main] HikariPool-1 - Starting...
2023-05-08 20:41:55,207 INFO com.zaxxer.hikari.HikariDataSource [main] HikariPool-1 - Start completed.
2023-05-08 20:41:56,090 WARN org.springframework.boot.autoconfigure.orm.jpa.JpaBaseConfiguration$JpaWebConfiguration [main] spring.jpa.open-in-view is enabled by default. Therefore, database queries may be performed during view rendering. Explicitly configure spring.jpa.open-in-view to disable this warning
2023-05-08 20:41:56,275 INFO org.apache.juli.logging.DirectJDKLog [main] Starting ProtocolHandler ["http-nio-8081"]
2023-05-08 20:41:56,305 INFO org.springframework.boot.StartupInfoLogger [main] Started LibraryApplication in 3.046 seconds (JVM running for 3.443)
2023-05-08 20:43:39,418 INFO org.apache.juli.logging.DirectJDKLog [http-nio-8081-exec-1] Initializing Spring DispatcherServlet 'dispatcherServlet'
2023-05-08 20:43:41,250 INFO com.svalero.library.controller.LibraryController [http-nio-8081-exec-2] GET Library
2023-05-08 20:43:41,253 INFO com.svalero.library.service.LibraryServiceImpl [http-nio-8081-exec-2] Library id: 97
2023-05-08 20:43:41,261 INFO com.svalero.library.controller.LibraryController [http-nio-8081-exec-2] END GET Library
2023-05-08 20:44:06,969 INFO com.svalero.library.controller.LibraryController [http-nio-8081-exec-7] GET Library
2023-05-08 20:44:06,970 INFO com.svalero.library.service.LibraryServiceImpl [http-nio-8081-exec-7] Library id: 129
2023-05-08 20:44:06,972 INFO com.svalero.library.controller.LibraryController [http-nio-8081-exec-7] END GET Library
2023-05-08 20:44:33,500 INFO com.svalero.library.controller.BookController [http-nio-8081-exec-5] GET Books
2023-05-08 21:00:39,833 INFO org.springframework.boot.StartupInfoLogger [main] Starting LibraryApplication using Java 17.0.6 on PcJavi with PID 18984 (C:\Users\javi_\IdeaProjects\Library\target\classes started by javi_ in C:\Users\javi_\IdeaProjects\Library)
2023-05-08 21:00:39,835 INFO org.springframework.boot.SpringApplication [main] No active profile set, falling back to 1 default profile: "default"
2023-05-08 21:00:40,686 INFO org.apache.juli.logging.DirectJDKLog [main] Initializing ProtocolHandler ["http-nio-8081"]
2023-05-08 21:00:40,687 INFO org.apache.juli.logging.DirectJDKLog [main] Starting service [Tomcat]
2023-05-08 21:00:40,688 INFO org.apache.juli.logging.DirectJDKLog [main] Starting Servlet engine: [Apache Tomcat/9.0.65]
2023-05-08 21:00:40,782 INFO org.apache.juli.logging.DirectJDKLog [main] Initializing Spring embedded WebApplicationContext
2023-05-08 21:00:41,085 INFO com.zaxxer.hikari.HikariDataSource [main] HikariPool-1 - Starting...
2023-05-08 21:00:41,276 INFO com.zaxxer.hikari.HikariDataSource [main] HikariPool-1 - Start completed.
2023-05-08 21:00:42,106 WARN org.springframework.boot.autoconfigure.orm.jpa.JpaBaseConfiguration$JpaWebConfiguration [main] spring.jpa.open-in-view is enabled by default. Therefore, database queries may be performed during view rendering. Explicitly configure spring.jpa.open-in-view to disable this warning
2023-05-08 21:00:42,281 INFO org.apache.juli.logging.DirectJDKLog [main] Starting ProtocolHandler ["http-nio-8081"]
2023-05-08 21:00:42,312 INFO org.springframework.boot.StartupInfoLogger [main] Started LibraryApplication in 2.747 seconds (JVM running for 3.11)
2023-05-08 21:01:10,719 INFO org.apache.juli.logging.DirectJDKLog [http-nio-8081-exec-2] Initializing Spring DispatcherServlet 'dispatcherServlet'
2023-05-08 21:01:56,901 ERROR com.svalero.library.controller.LibraryController [http-nio-8081-exec-5] PUT Library
2023-05-08 21:01:56,919 INFO com.svalero.library.service.LibraryServiceImpl [http-nio-8081-exec-5] Library to modify: Library(id=161, name=Biblioteca de Zaragoza, description=Biblioteca municipal, city=Zaragoza, verify=true, latitude=41.61794304103347, longitude=-0.7065395949865945)
2023-05-08 21:01:56,920 INFO com.svalero.library.service.LibraryServiceImpl [http-nio-8081-exec-5] Library modified: Library(id=0, name=null, description=null, city=null, verify=false, latitude=0.0, longitude=0.0)
2023-05-08 21:01:56,928 ERROR com.svalero.library.controller.LibraryController [http-nio-8081-exec-5] END PUT Library
2023-05-08 21:02:28,025 ERROR com.svalero.library.controller.LibraryController [http-nio-8081-exec-3] Internal Error JSON parse error: Unrecognized token 'Biblioteca': was expecting (JSON String, Number, Array, Object or token 'null', 'true' or 'false'); nested exception is com.fasterxml.jackson.core.JsonParseException: Unrecognized token 'Biblioteca': was expecting (JSON String, Number, Array, Object or token 'null', 'true' or 'false')
 at [Source: (org.springframework.util.StreamUtils$NonClosingInputStream); line: 2, column: 24]
2023-05-08 21:03:01,383 ERROR com.svalero.library.controller.LibraryController [http-nio-8081-exec-7] PUT Library
2023-05-08 21:03:01,385 INFO com.svalero.library.service.LibraryServiceImpl [http-nio-8081-exec-7] Library to modify: Library(id=161, name=null, description=null, city=null, verify=false, latitude=0.0, longitude=0.0)
2023-05-08 21:03:01,385 INFO com.svalero.library.service.LibraryServiceImpl [http-nio-8081-exec-7] Library modified: Library(id=0, name=Biblioteca de Monzon, description=Municipal, city=Monzon, verify=false, latitude=0.0, longitude=0.0)
2023-05-08 21:03:01,386 ERROR com.svalero.library.controller.LibraryController [http-nio-8081-exec-7] END PUT Library
2023-05-08 21:22:27,214 INFO com.svalero.library.controller.BookController [http-nio-8081-exec-10] GET Books
2023-05-08 21:22:28,944 INFO com.svalero.library.controller.BookController [http-nio-8081-exec-1] GET Book
2023-05-08 21:22:28,945 INFO com.svalero.library.service.BookServiceImpl [http-nio-8081-exec-1] Book id: 193
2023-05-08 21:22:28,947 INFO com.svalero.library.controller.BookController [http-nio-8081-exec-1] END GET Book
2023-05-08 21:22:39,191 INFO com.svalero.library.controller.BookController [http-nio-8081-exec-3] GET Books
2023-05-08 21:37:55,596 INFO com.svalero.library.controller.BookController [http-nio-8081-exec-7] GET Books
2023-05-08 21:37:56,840 INFO com.svalero.library.controller.BookController [http-nio-8081-exec-8] GET Book
2023-05-08 21:37:56,842 INFO com.svalero.library.service.BookServiceImpl [http-nio-8081-exec-8] Book id: 129
2023-05-08 21:37:56,843 INFO com.svalero.library.controller.BookController [http-nio-8081-exec-8] END GET Book
2023-05-08 21:38:03,277 INFO com.svalero.library.controller.BookController [http-nio-8081-exec-1] GET Books
2023-05-08 21:38:05,488 INFO com.svalero.library.controller.BookController [http-nio-8081-exec-2] GET Book
2023-05-08 21:38:05,488 INFO com.svalero.library.service.BookServiceImpl [http-nio-8081-exec-2] Book id: 129
2023-05-08 21:38:05,491 INFO com.svalero.library.controller.BookController [http-nio-8081-exec-2] END GET Book
2023-05-08 21:38:06,833 INFO com.svalero.library.controller.BookController [http-nio-8081-exec-5] GET Books
