2023-04-29 00:00:51,184 INFO org.springframework.boot.StartupInfoLogger [main] Starting LibraryApplication using Java 17.0.6 on PcJavi with PID 19460 (C:\Users\javi_\IdeaProjects\Library\target\classes started by javi_ in C:\Users\javi_\IdeaProjects\Library)
2023-04-29 00:00:51,187 INFO org.springframework.boot.SpringApplication [main] No active profile set, falling back to 1 default profile: "default"
2023-04-29 00:00:51,968 INFO org.apache.juli.logging.DirectJDKLog [main] Initializing ProtocolHandler ["http-nio-8081"]
2023-04-29 00:00:51,969 INFO org.apache.juli.logging.DirectJDKLog [main] Starting service [Tomcat]
2023-04-29 00:00:51,969 INFO org.apache.juli.logging.DirectJDKLog [main] Starting Servlet engine: [Apache Tomcat/9.0.65]
2023-04-29 00:00:52,049 INFO org.apache.juli.logging.DirectJDKLog [main] Initializing Spring embedded WebApplicationContext
2023-04-29 00:00:52,325 INFO com.zaxxer.hikari.HikariDataSource [main] HikariPool-1 - Starting...
2023-04-29 00:00:52,488 INFO com.zaxxer.hikari.HikariDataSource [main] HikariPool-1 - Start completed.
2023-04-29 00:00:53,253 WARN org.springframework.boot.autoconfigure.orm.jpa.JpaBaseConfiguration$JpaWebConfiguration [main] spring.jpa.open-in-view is enabled by default. Therefore, database queries may be performed during view rendering. Explicitly configure spring.jpa.open-in-view to disable this warning
2023-04-29 00:00:53,415 INFO org.apache.juli.logging.DirectJDKLog [main] Starting ProtocolHandler ["http-nio-8081"]
2023-04-29 00:00:53,436 INFO org.springframework.boot.StartupInfoLogger [main] Started LibraryApplication in 2.483 seconds (JVM running for 2.816)
2023-04-29 00:00:57,772 INFO org.apache.juli.logging.DirectJDKLog [http-nio-8081-exec-1] Initializing Spring DispatcherServlet 'dispatcherServlet'
2023-04-29 00:00:57,795 INFO com.svalero.library.controller.BookController [http-nio-8081-exec-1] GET Books
2023-04-29 00:15:07,882 INFO org.springframework.boot.StartupInfoLogger [main] Starting LibraryApplication using Java 17.0.6 on PcJavi with PID 19272 (C:\Users\javi_\IdeaProjects\Library\target\classes started by javi_ in C:\Users\javi_\IdeaProjects\Library)
2023-04-29 00:15:07,884 INFO org.springframework.boot.SpringApplication [main] No active profile set, falling back to 1 default profile: "default"
2023-04-29 00:15:08,695 INFO org.apache.juli.logging.DirectJDKLog [main] Initializing ProtocolHandler ["http-nio-8081"]
2023-04-29 00:15:08,696 INFO org.apache.juli.logging.DirectJDKLog [main] Starting service [Tomcat]
2023-04-29 00:15:08,696 INFO org.apache.juli.logging.DirectJDKLog [main] Starting Servlet engine: [Apache Tomcat/9.0.65]
2023-04-29 00:15:08,787 INFO org.apache.juli.logging.DirectJDKLog [main] Initializing Spring embedded WebApplicationContext
2023-04-29 00:15:09,087 INFO com.zaxxer.hikari.HikariDataSource [main] HikariPool-1 - Starting...
2023-04-29 00:15:09,269 INFO com.zaxxer.hikari.HikariDataSource [main] HikariPool-1 - Start completed.
2023-04-29 00:15:10,084 WARN org.springframework.boot.autoconfigure.orm.jpa.JpaBaseConfiguration$JpaWebConfiguration [main] spring.jpa.open-in-view is enabled by default. Therefore, database queries may be performed during view rendering. Explicitly configure spring.jpa.open-in-view to disable this warning
2023-04-29 00:15:10,257 INFO org.apache.juli.logging.DirectJDKLog [main] Starting ProtocolHandler ["http-nio-8081"]
2023-04-29 00:15:10,285 INFO org.springframework.boot.StartupInfoLogger [main] Started LibraryApplication in 2.652 seconds (JVM running for 3.012)
2023-04-29 00:15:26,645 INFO org.apache.juli.logging.DirectJDKLog [http-nio-8081-exec-1] Initializing Spring DispatcherServlet 'dispatcherServlet'
2023-04-29 00:17:46,800 ERROR com.svalero.library.controller.LibraryController [http-nio-8081-exec-6] Internal Error JSON parse error: Cannot deserialize value of type `boolean` from String "2022-05-14": only "true"/"True"/"TRUE" or "false"/"False"/"FALSE" recognized; nested exception is com.fasterxml.jackson.databind.exc.InvalidFormatException: Cannot deserialize value of type `boolean` from String "2022-05-14": only "true"/"True"/"TRUE" or "false"/"False"/"FALSE" recognized
 at [Source: (org.springframework.util.StreamUtils$NonClosingInputStream); line: 5, column: 15] (through reference chain: com.svalero.library.domain.Library["verify"])
2023-04-29 00:19:05,934 WARN org.springframework.web.servlet.handler.AbstractHandlerExceptionResolver [http-nio-8081-exec-1] Resolved [org.springframework.web.HttpRequestMethodNotSupportedException: Request method 'PATCH' not supported]
2023-04-29 00:20:44,743 WARN org.springframework.web.servlet.handler.AbstractHandlerExceptionResolver [http-nio-8081-exec-6] Resolved [org.springframework.web.HttpRequestMethodNotSupportedException: Request method 'GET' not supported]
2023-04-29 00:21:40,069 INFO com.svalero.library.controller.BookController [http-nio-8081-exec-1] GET Books
2023-04-29 00:22:41,875 INFO org.springframework.boot.StartupInfoLogger [main] Starting LibraryApplication using Java 17.0.6 on PcJavi with PID 19716 (C:\Users\javi_\IdeaProjects\Library\target\classes started by javi_ in C:\Users\javi_\IdeaProjects\Library)
2023-04-29 00:22:41,877 INFO org.springframework.boot.SpringApplication [main] No active profile set, falling back to 1 default profile: "default"
2023-04-29 00:22:42,659 INFO org.apache.juli.logging.DirectJDKLog [main] Initializing ProtocolHandler ["http-nio-8081"]
2023-04-29 00:22:42,659 INFO org.apache.juli.logging.DirectJDKLog [main] Starting service [Tomcat]
2023-04-29 00:22:42,660 INFO org.apache.juli.logging.DirectJDKLog [main] Starting Servlet engine: [Apache Tomcat/9.0.65]
2023-04-29 00:22:42,742 INFO org.apache.juli.logging.DirectJDKLog [main] Initializing Spring embedded WebApplicationContext
2023-04-29 00:22:43,007 INFO com.zaxxer.hikari.HikariDataSource [main] HikariPool-1 - Starting...
2023-04-29 00:22:43,168 INFO com.zaxxer.hikari.HikariDataSource [main] HikariPool-1 - Start completed.
2023-04-29 00:22:43,941 WARN org.springframework.boot.autoconfigure.orm.jpa.JpaBaseConfiguration$JpaWebConfiguration [main] spring.jpa.open-in-view is enabled by default. Therefore, database queries may be performed during view rendering. Explicitly configure spring.jpa.open-in-view to disable this warning
2023-04-29 00:22:44,104 INFO org.apache.juli.logging.DirectJDKLog [main] Starting ProtocolHandler ["http-nio-8081"]
2023-04-29 00:22:44,126 INFO org.springframework.boot.StartupInfoLogger [main] Started LibraryApplication in 2.489 seconds (JVM running for 2.822)
2023-04-29 00:22:49,228 INFO org.apache.juli.logging.DirectJDKLog [http-nio-8081-exec-1] Initializing Spring DispatcherServlet 'dispatcherServlet'
2023-04-29 00:22:49,248 ERROR com.svalero.library.controller.BookController [http-nio-8081-exec-1] DELETE Book
2023-04-29 00:22:49,279 INFO com.svalero.library.service.BookServiceImpl [http-nio-8081-exec-1] Deleted Book: 33
2023-04-29 00:22:49,299 ERROR com.svalero.library.controller.BookController [http-nio-8081-exec-1] END DELETE Book
2023-04-29 00:22:55,506 INFO com.svalero.library.controller.BookController [http-nio-8081-exec-3] GET Books
2023-04-29 00:23:57,939 INFO org.springframework.boot.StartupInfoLogger [main] Starting LibraryApplication using Java 17.0.6 on PcJavi with PID 20460 (C:\Users\javi_\IdeaProjects\Library\target\classes started by javi_ in C:\Users\javi_\IdeaProjects\Library)
2023-04-29 00:23:57,941 INFO org.springframework.boot.SpringApplication [main] No active profile set, falling back to 1 default profile: "default"
2023-04-29 00:23:58,731 INFO org.apache.juli.logging.DirectJDKLog [main] Initializing ProtocolHandler ["http-nio-8081"]
2023-04-29 00:23:58,731 INFO org.apache.juli.logging.DirectJDKLog [main] Starting service [Tomcat]
2023-04-29 00:23:58,732 INFO org.apache.juli.logging.DirectJDKLog [main] Starting Servlet engine: [Apache Tomcat/9.0.65]
2023-04-29 00:23:58,816 INFO org.apache.juli.logging.DirectJDKLog [main] Initializing Spring embedded WebApplicationContext
2023-04-29 00:23:59,078 INFO com.zaxxer.hikari.HikariDataSource [main] HikariPool-1 - Starting...
2023-04-29 00:23:59,231 INFO com.zaxxer.hikari.HikariDataSource [main] HikariPool-1 - Start completed.
2023-04-29 00:23:59,991 WARN org.springframework.boot.autoconfigure.orm.jpa.JpaBaseConfiguration$JpaWebConfiguration [main] spring.jpa.open-in-view is enabled by default. Therefore, database queries may be performed during view rendering. Explicitly configure spring.jpa.open-in-view to disable this warning
2023-04-29 00:24:00,153 INFO org.apache.juli.logging.DirectJDKLog [main] Starting ProtocolHandler ["http-nio-8081"]
2023-04-29 00:24:00,174 INFO org.springframework.boot.StartupInfoLogger [main] Started LibraryApplication in 2.475 seconds (JVM running for 2.804)
2023-04-29 00:24:01,078 INFO org.apache.juli.logging.DirectJDKLog [http-nio-8081-exec-1] Initializing Spring DispatcherServlet 'dispatcherServlet'
2023-04-29 00:24:01,164 ERROR com.svalero.library.controller.UserController [http-nio-8081-exec-1] Incorrect data
2023-04-29 00:31:54,269 INFO org.springframework.boot.StartupInfoLogger [main] Starting LibraryApplication using Java 17.0.6 on PcJavi with PID 15636 (C:\Users\javi_\IdeaProjects\Library\target\classes started by javi_ in C:\Users\javi_\IdeaProjects\Library)
2023-04-29 00:31:54,272 INFO org.springframework.boot.SpringApplication [main] No active profile set, falling back to 1 default profile: "default"
2023-04-29 00:31:55,063 INFO org.apache.juli.logging.DirectJDKLog [main] Initializing ProtocolHandler ["http-nio-8081"]
2023-04-29 00:31:55,064 INFO org.apache.juli.logging.DirectJDKLog [main] Starting service [Tomcat]
2023-04-29 00:31:55,065 INFO org.apache.juli.logging.DirectJDKLog [main] Starting Servlet engine: [Apache Tomcat/9.0.65]
2023-04-29 00:31:55,148 INFO org.apache.juli.logging.DirectJDKLog [main] Initializing Spring embedded WebApplicationContext
2023-04-29 00:31:55,448 INFO com.zaxxer.hikari.HikariDataSource [main] HikariPool-1 - Starting...
2023-04-29 00:31:55,677 INFO com.zaxxer.hikari.HikariDataSource [main] HikariPool-1 - Start completed.
2023-04-29 00:31:56,709 WARN org.springframework.boot.autoconfigure.orm.jpa.JpaBaseConfiguration$JpaWebConfiguration [main] spring.jpa.open-in-view is enabled by default. Therefore, database queries may be performed during view rendering. Explicitly configure spring.jpa.open-in-view to disable this warning
2023-04-29 00:31:56,877 INFO org.apache.juli.logging.DirectJDKLog [main] Starting ProtocolHandler ["http-nio-8081"]
2023-04-29 00:31:56,899 INFO org.springframework.boot.StartupInfoLogger [main] Started LibraryApplication in 2.862 seconds (JVM running for 3.189)
2023-04-29 00:32:02,925 INFO org.apache.juli.logging.DirectJDKLog [http-nio-8081-exec-3] Initializing Spring DispatcherServlet 'dispatcherServlet'
2023-04-29 00:32:02,944 INFO com.svalero.library.controller.LibraryController [http-nio-8081-exec-3] GET Library
2023-04-29 00:32:02,946 INFO com.svalero.library.service.LibraryServiceImpl [http-nio-8081-exec-3] Library id: 1
2023-04-29 00:32:02,967 ERROR com.svalero.library.controller.LibraryController [http-nio-8081-exec-3] Library not found 
2023-04-29 00:32:09,928 INFO com.svalero.library.controller.LibraryController [http-nio-8081-exec-5] GET Library
2023-04-29 00:32:09,928 INFO com.svalero.library.service.LibraryServiceImpl [http-nio-8081-exec-5] Library id: 34
2023-04-29 00:32:09,930 INFO com.svalero.library.controller.LibraryController [http-nio-8081-exec-5] END GET Library
2023-04-29 00:38:55,451 INFO org.springframework.boot.StartupInfoLogger [main] Starting LibraryApplication using Java 17.0.6 on PcJavi with PID 18612 (C:\Users\javi_\IdeaProjects\Library\target\classes started by javi_ in C:\Users\javi_\IdeaProjects\Library)
2023-04-29 00:38:55,454 INFO org.springframework.boot.SpringApplication [main] No active profile set, falling back to 1 default profile: "default"
2023-04-29 00:38:56,224 INFO org.apache.juli.logging.DirectJDKLog [main] Initializing ProtocolHandler ["http-nio-8081"]
2023-04-29 00:38:56,224 INFO org.apache.juli.logging.DirectJDKLog [main] Starting service [Tomcat]
2023-04-29 00:38:56,225 INFO org.apache.juli.logging.DirectJDKLog [main] Starting Servlet engine: [Apache Tomcat/9.0.65]
2023-04-29 00:38:56,306 INFO org.apache.juli.logging.DirectJDKLog [main] Initializing Spring embedded WebApplicationContext
2023-04-29 00:38:56,570 INFO com.zaxxer.hikari.HikariDataSource [main] HikariPool-1 - Starting...
2023-04-29 00:38:56,729 INFO com.zaxxer.hikari.HikariDataSource [main] HikariPool-1 - Start completed.
2023-04-29 00:38:57,475 WARN org.springframework.boot.autoconfigure.orm.jpa.JpaBaseConfiguration$JpaWebConfiguration [main] spring.jpa.open-in-view is enabled by default. Therefore, database queries may be performed during view rendering. Explicitly configure spring.jpa.open-in-view to disable this warning
2023-04-29 00:38:57,632 INFO org.apache.juli.logging.DirectJDKLog [main] Starting ProtocolHandler ["http-nio-8081"]
2023-04-29 00:38:57,652 INFO org.springframework.boot.StartupInfoLogger [main] Started LibraryApplication in 2.429 seconds (JVM running for 2.752)
2023-04-29 00:39:00,785 INFO org.apache.juli.logging.DirectJDKLog [http-nio-8081-exec-1] Initializing Spring DispatcherServlet 'dispatcherServlet'
2023-04-29 00:39:05,585 INFO com.svalero.library.controller.BookController [http-nio-8081-exec-2] GET Books
2023-04-29 00:39:56,611 INFO com.svalero.library.controller.BookController [http-nio-8081-exec-8] GET Books
2023-04-29 00:40:53,082 INFO com.svalero.library.controller.BookController [http-nio-8081-exec-4] GET Books
2023-04-29 00:43:09,766 INFO com.svalero.library.controller.BookController [http-nio-8081-exec-6] GET Books
2023-04-29 00:43:28,683 INFO com.svalero.library.controller.BookController [http-nio-8081-exec-8] POST Book
2023-04-29 00:43:28,690 INFO com.svalero.library.service.BookServiceImpl [http-nio-8081-exec-8] Added Book: Book(id=0, code=A1, title=Hola, author=Prueba, year=1900, genre=Prueba, description=Prueba, pages=500, price=5.0, hasStock=true, rent=null)
2023-04-29 00:43:28,702 INFO com.svalero.library.controller.BookController [http-nio-8081-exec-8] END POST Book
2023-04-29 00:43:34,467 INFO com.svalero.library.controller.BookController [http-nio-8081-exec-7] GET Books
2023-04-29 00:43:57,719 INFO com.svalero.library.controller.BookController [http-nio-8081-exec-9] GET Books
2023-04-29 00:45:00,752 INFO com.svalero.library.controller.BookController [http-nio-8081-exec-8] GET Books
2023-04-29 00:46:07,408 INFO com.svalero.library.controller.BookController [http-nio-8081-exec-10] GET Books
2023-04-29 00:46:11,931 INFO com.svalero.library.controller.BookController [http-nio-8081-exec-2] GET Books
2023-04-29 00:48:32,808 INFO com.svalero.library.controller.BookController [http-nio-8081-exec-3] GET Books
2023-04-29 00:48:50,733 INFO com.svalero.library.controller.BookController [http-nio-8081-exec-8] GET Books
2023-04-29 00:50:36,877 INFO org.springframework.boot.StartupInfoLogger [main] Starting LibraryApplication using Java 17.0.6 on PcJavi with PID 2596 (C:\Users\javi_\IdeaProjects\Library\target\classes started by javi_ in C:\Users\javi_\IdeaProjects\Library)
2023-04-29 00:50:36,879 INFO org.springframework.boot.SpringApplication [main] No active profile set, falling back to 1 default profile: "default"
2023-04-29 00:50:37,827 INFO org.apache.juli.logging.DirectJDKLog [main] Initializing ProtocolHandler ["http-nio-8081"]
2023-04-29 00:50:37,828 INFO org.apache.juli.logging.DirectJDKLog [main] Starting service [Tomcat]
2023-04-29 00:50:37,829 INFO org.apache.juli.logging.DirectJDKLog [main] Starting Servlet engine: [Apache Tomcat/9.0.65]
2023-04-29 00:50:37,921 INFO org.apache.juli.logging.DirectJDKLog [main] Initializing Spring embedded WebApplicationContext
2023-04-29 00:50:38,230 INFO com.zaxxer.hikari.HikariDataSource [main] HikariPool-1 - Starting...
2023-04-29 00:50:38,448 INFO com.zaxxer.hikari.HikariDataSource [main] HikariPool-1 - Start completed.
2023-04-29 00:50:39,336 WARN org.springframework.boot.autoconfigure.orm.jpa.JpaBaseConfiguration$JpaWebConfiguration [main] spring.jpa.open-in-view is enabled by default. Therefore, database queries may be performed during view rendering. Explicitly configure spring.jpa.open-in-view to disable this warning
2023-04-29 00:50:39,518 INFO org.apache.juli.logging.DirectJDKLog [main] Starting ProtocolHandler ["http-nio-8081"]
2023-04-29 00:50:39,548 INFO org.springframework.boot.StartupInfoLogger [main] Started LibraryApplication in 2.926 seconds (JVM running for 3.282)
2023-04-29 00:50:39,858 INFO org.apache.juli.logging.DirectJDKLog [http-nio-8081-exec-1] Initializing Spring DispatcherServlet 'dispatcherServlet'
2023-04-29 00:50:39,881 INFO com.svalero.library.controller.BookController [http-nio-8081-exec-1] GET Books
2023-04-29 00:50:40,986 INFO com.svalero.library.controller.BookController [http-nio-8081-exec-2] GET Books
2023-04-29 00:50:51,889 INFO com.svalero.library.controller.BookController [http-nio-8081-exec-5] GET Books
2023-04-29 00:52:51,389 INFO com.svalero.library.controller.BookController [http-nio-8081-exec-8] GET Books
2023-04-29 00:53:08,834 INFO com.svalero.library.controller.BookController [http-nio-8081-exec-9] GET Books
2023-04-29 00:53:31,957 INFO com.svalero.library.controller.BookController [http-nio-8081-exec-1] GET Books
2023-04-29 00:53:50,879 INFO com.svalero.library.controller.BookController [http-nio-8081-exec-3] GET Books
2023-04-29 00:53:55,532 INFO com.svalero.library.controller.BookController [http-nio-8081-exec-5] GET Books
2023-04-29 00:55:39,718 INFO com.svalero.library.controller.BookController [http-nio-8081-exec-8] GET Books
2023-04-29 00:56:07,408 INFO com.svalero.library.controller.BookController [http-nio-8081-exec-9] GET Books
2023-04-29 00:56:39,301 INFO com.svalero.library.controller.BookController [http-nio-8081-exec-1] GET Books
2023-04-29 00:56:40,931 ERROR com.svalero.library.controller.BookController [http-nio-8081-exec-2] DELETE Book
2023-04-29 00:56:40,937 INFO com.svalero.library.service.BookServiceImpl [http-nio-8081-exec-2] Deleted Book: 65
2023-04-29 00:56:40,960 ERROR com.svalero.library.controller.BookController [http-nio-8081-exec-2] END DELETE Book
2023-04-29 00:57:14,719 INFO com.svalero.library.controller.BookController [http-nio-8081-exec-5] GET Books
2023-04-29 15:10:33,230 INFO org.springframework.boot.StartupInfoLogger [main] Starting LibraryApplication using Java 17.0.6 on PcJavi with PID 13196 (C:\Users\javi_\IdeaProjects\Library\target\classes started by javi_ in C:\Users\javi_\IdeaProjects\Library)
2023-04-29 15:10:33,232 INFO org.springframework.boot.SpringApplication [main] No active profile set, falling back to 1 default profile: "default"
2023-04-29 15:10:34,139 INFO org.apache.juli.logging.DirectJDKLog [main] Initializing ProtocolHandler ["http-nio-8081"]
2023-04-29 15:10:34,140 INFO org.apache.juli.logging.DirectJDKLog [main] Starting service [Tomcat]
2023-04-29 15:10:34,141 INFO org.apache.juli.logging.DirectJDKLog [main] Starting Servlet engine: [Apache Tomcat/9.0.65]
2023-04-29 15:10:34,230 INFO org.apache.juli.logging.DirectJDKLog [main] Initializing Spring embedded WebApplicationContext
2023-04-29 15:10:34,553 INFO com.zaxxer.hikari.HikariDataSource [main] HikariPool-1 - Starting...
2023-04-29 15:10:34,753 INFO com.zaxxer.hikari.HikariDataSource [main] HikariPool-1 - Start completed.
2023-04-29 15:10:35,582 WARN org.springframework.boot.autoconfigure.orm.jpa.JpaBaseConfiguration$JpaWebConfiguration [main] spring.jpa.open-in-view is enabled by default. Therefore, database queries may be performed during view rendering. Explicitly configure spring.jpa.open-in-view to disable this warning
2023-04-29 15:10:35,756 INFO org.apache.juli.logging.DirectJDKLog [main] Starting ProtocolHandler ["http-nio-8081"]
2023-04-29 15:10:35,778 INFO org.springframework.boot.StartupInfoLogger [main] Started LibraryApplication in 2.811 seconds (JVM running for 3.195)
2023-04-29 15:10:48,705 INFO org.apache.juli.logging.DirectJDKLog [http-nio-8081-exec-1] Initializing Spring DispatcherServlet 'dispatcherServlet'
2023-04-29 15:10:48,785 INFO com.svalero.library.controller.BookController [http-nio-8081-exec-1] POST Book
2023-04-29 15:10:48,791 INFO com.svalero.library.service.BookServiceImpl [http-nio-8081-exec-1] Added Book: Book(id=0, code=C1, title=Esto, author=Javier, year=2022-05-14, genre=action, description=prueba, pages=100, price=1.5, hasStock=true, rent=null)
2023-04-29 15:10:48,826 INFO com.svalero.library.controller.BookController [http-nio-8081-exec-1] END POST Book
