2023-03-08 17:48:21,336 INFO org.springframework.boot.StartupInfoLogger [main] Starting LibraryApplication using Java 17.0.6 on PcJavi with PID 1224 (C:\Users\javi_\IdeaProjects\Library\target\classes started by javi_ in C:\Users\javi_\IdeaProjects\Library)
2023-03-08 17:48:21,340 INFO org.springframework.boot.SpringApplication [main] No active profile set, falling back to 1 default profile: "default"
2023-03-08 17:48:22,251 INFO org.apache.juli.logging.DirectJDKLog [main] Initializing ProtocolHandler ["http-nio-8081"]
2023-03-08 17:48:22,252 INFO org.apache.juli.logging.DirectJDKLog [main] Starting service [Tomcat]
2023-03-08 17:48:22,252 INFO org.apache.juli.logging.DirectJDKLog [main] Starting Servlet engine: [Apache Tomcat/9.0.65]
2023-03-08 17:48:22,355 INFO org.apache.juli.logging.DirectJDKLog [main] Initializing Spring embedded WebApplicationContext
2023-03-08 17:48:22,721 INFO com.zaxxer.hikari.HikariDataSource [main] HikariPool-1 - Starting...
2023-03-08 17:48:22,929 INFO com.zaxxer.hikari.HikariDataSource [main] HikariPool-1 - Start completed.
2023-03-08 17:48:23,799 WARN org.springframework.boot.autoconfigure.orm.jpa.JpaBaseConfiguration$JpaWebConfiguration [main] spring.jpa.open-in-view is enabled by default. Therefore, database queries may be performed during view rendering. Explicitly configure spring.jpa.open-in-view to disable this warning
2023-03-08 17:48:23,993 INFO org.apache.juli.logging.DirectJDKLog [main] Starting ProtocolHandler ["http-nio-8081"]
2023-03-08 17:48:24,017 INFO org.springframework.boot.StartupInfoLogger [main] Started LibraryApplication in 2.955 seconds (JVM running for 3.636)
2023-03-08 17:48:32,070 INFO com.zaxxer.hikari.HikariDataSource [SpringApplicationShutdownHook] HikariPool-1 - Shutdown initiated...
2023-03-08 17:48:32,072 INFO com.zaxxer.hikari.HikariDataSource [SpringApplicationShutdownHook] HikariPool-1 - Shutdown completed.
2023-03-08 18:22:13,656 INFO org.springframework.boot.StartupInfoLogger [main] Starting LibraryApplication using Java 17.0.6 on PcJavi with PID 17060 (C:\Users\javi_\IdeaProjects\Library\target\classes started by javi_ in C:\Users\javi_\IdeaProjects\Library)
2023-03-08 18:22:13,657 INFO org.springframework.boot.SpringApplication [main] No active profile set, falling back to 1 default profile: "default"
2023-03-08 18:22:14,414 INFO org.apache.juli.logging.DirectJDKLog [main] Initializing ProtocolHandler ["http-nio-8081"]
2023-03-08 18:22:14,415 INFO org.apache.juli.logging.DirectJDKLog [main] Starting service [Tomcat]
2023-03-08 18:22:14,415 INFO org.apache.juli.logging.DirectJDKLog [main] Starting Servlet engine: [Apache Tomcat/9.0.65]
2023-03-08 18:22:14,508 INFO org.apache.juli.logging.DirectJDKLog [main] Initializing Spring embedded WebApplicationContext
2023-03-08 18:22:14,806 INFO com.zaxxer.hikari.HikariDataSource [main] HikariPool-1 - Starting...
2023-03-08 18:22:14,997 INFO com.zaxxer.hikari.HikariDataSource [main] HikariPool-1 - Start completed.
2023-03-08 18:22:15,861 WARN org.springframework.boot.autoconfigure.orm.jpa.JpaBaseConfiguration$JpaWebConfiguration [main] spring.jpa.open-in-view is enabled by default. Therefore, database queries may be performed during view rendering. Explicitly configure spring.jpa.open-in-view to disable this warning
2023-03-08 18:22:16,048 INFO org.apache.juli.logging.DirectJDKLog [main] Starting ProtocolHandler ["http-nio-8081"]
2023-03-08 18:22:16,072 INFO org.springframework.boot.StartupInfoLogger [main] Started LibraryApplication in 2.636 seconds (JVM running for 3.115)
2023-03-08 18:22:22,738 INFO org.apache.juli.logging.DirectJDKLog [http-nio-8081-exec-2] Initializing Spring DispatcherServlet 'dispatcherServlet'
2023-03-08 18:22:22,755 INFO com.svalero.library.controller.BookController [http-nio-8081-exec-2] GET Books
2023-03-08 18:22:22,755 INFO com.svalero.library.controller.BookController [http-nio-8081-exec-2] END GET Books
2023-03-08 18:22:33,263 INFO com.zaxxer.hikari.HikariDataSource [SpringApplicationShutdownHook] HikariPool-1 - Shutdown initiated...
2023-03-08 18:22:33,264 INFO com.zaxxer.hikari.HikariDataSource [SpringApplicationShutdownHook] HikariPool-1 - Shutdown completed.
2023-03-08 18:26:20,476 INFO org.springframework.boot.StartupInfoLogger [main] Starting LibraryApplication using Java 17.0.6 on PcJavi with PID 12896 (C:\Users\javi_\IdeaProjects\Library\target\classes started by javi_ in C:\Users\javi_\IdeaProjects\Library)
2023-03-08 18:26:20,478 INFO org.springframework.boot.SpringApplication [main] No active profile set, falling back to 1 default profile: "default"
2023-03-08 18:26:21,244 INFO org.apache.juli.logging.DirectJDKLog [main] Initializing ProtocolHandler ["http-nio-8081"]
2023-03-08 18:26:21,245 INFO org.apache.juli.logging.DirectJDKLog [main] Starting service [Tomcat]
2023-03-08 18:26:21,245 INFO org.apache.juli.logging.DirectJDKLog [main] Starting Servlet engine: [Apache Tomcat/9.0.65]
2023-03-08 18:26:21,328 INFO org.apache.juli.logging.DirectJDKLog [main] Initializing Spring embedded WebApplicationContext
2023-03-08 18:26:21,622 INFO com.zaxxer.hikari.HikariDataSource [main] HikariPool-1 - Starting...
2023-03-08 18:26:21,788 INFO com.zaxxer.hikari.HikariDataSource [main] HikariPool-1 - Start completed.
2023-03-08 18:26:22,856 WARN org.springframework.boot.autoconfigure.orm.jpa.JpaBaseConfiguration$JpaWebConfiguration [main] spring.jpa.open-in-view is enabled by default. Therefore, database queries may be performed during view rendering. Explicitly configure spring.jpa.open-in-view to disable this warning
2023-03-08 18:26:23,044 INFO org.apache.juli.logging.DirectJDKLog [main] Starting ProtocolHandler ["http-nio-8081"]
2023-03-08 18:26:23,067 INFO org.springframework.boot.StartupInfoLogger [main] Started LibraryApplication in 2.823 seconds (JVM running for 3.296)
2023-03-08 18:26:27,864 INFO org.apache.juli.logging.DirectJDKLog [http-nio-8081-exec-1] Initializing Spring DispatcherServlet 'dispatcherServlet'
2023-03-08 18:26:27,949 INFO com.svalero.library.controller.BookController [http-nio-8081-exec-1] POST Book
2023-03-08 18:26:27,956 INFO com.svalero.library.service.BookServiceImpl [http-nio-8081-exec-1] Added Book: Book(id=0, code=B1, title=Esto, author=Javier, year=2022-05-14, genre=action, pages=100, price=1.5, hasStock=true, rent=null)
2023-03-08 18:26:27,992 INFO com.svalero.library.controller.BookController [http-nio-8081-exec-1] END POST Book
2023-03-08 18:26:32,466 INFO com.zaxxer.hikari.HikariDataSource [SpringApplicationShutdownHook] HikariPool-1 - Shutdown initiated...
2023-03-08 18:26:32,468 INFO com.zaxxer.hikari.HikariDataSource [SpringApplicationShutdownHook] HikariPool-1 - Shutdown completed.
2023-03-08 18:32:24,763 INFO org.springframework.boot.StartupInfoLogger [main] Starting LibraryApplication using Java 17.0.6 on PcJavi with PID 15080 (C:\Users\javi_\IdeaProjects\Library\target\classes started by javi_ in C:\Users\javi_\IdeaProjects\Library)
2023-03-08 18:32:24,765 INFO org.springframework.boot.SpringApplication [main] No active profile set, falling back to 1 default profile: "default"
2023-03-08 18:32:25,526 INFO org.apache.juli.logging.DirectJDKLog [main] Initializing ProtocolHandler ["http-nio-8081"]
2023-03-08 18:32:25,527 INFO org.apache.juli.logging.DirectJDKLog [main] Starting service [Tomcat]
2023-03-08 18:32:25,527 INFO org.apache.juli.logging.DirectJDKLog [main] Starting Servlet engine: [Apache Tomcat/9.0.65]
2023-03-08 18:32:25,612 INFO org.apache.juli.logging.DirectJDKLog [main] Initializing Spring embedded WebApplicationContext
2023-03-08 18:32:25,890 INFO com.zaxxer.hikari.HikariDataSource [main] HikariPool-1 - Starting...
2023-03-08 18:32:26,057 INFO com.zaxxer.hikari.HikariDataSource [main] HikariPool-1 - Start completed.
2023-03-08 18:32:26,823 WARN org.springframework.boot.autoconfigure.orm.jpa.JpaBaseConfiguration$JpaWebConfiguration [main] spring.jpa.open-in-view is enabled by default. Therefore, database queries may be performed during view rendering. Explicitly configure spring.jpa.open-in-view to disable this warning
2023-03-08 18:32:26,995 INFO org.apache.juli.logging.DirectJDKLog [main] Starting ProtocolHandler ["http-nio-8081"]
2023-03-08 18:32:27,013 INFO org.springframework.boot.StartupInfoLogger [main] Started LibraryApplication in 2.476 seconds (JVM running for 2.959)
2023-03-08 18:32:30,648 INFO org.apache.juli.logging.DirectJDKLog [http-nio-8081-exec-1] Initializing Spring DispatcherServlet 'dispatcherServlet'
2023-03-08 18:32:30,732 ERROR com.svalero.library.controller.BookController [http-nio-8081-exec-1] Incorrect Data
2023-03-08 18:33:12,303 INFO com.svalero.library.controller.BookController [http-nio-8081-exec-4] POST Book
2023-03-08 18:33:12,329 INFO com.svalero.library.service.BookServiceImpl [http-nio-8081-exec-4] Added Book: Book(id=0, code=null, title=Esto, author=Javier, year=null, genre=action, pages=0, price=0.0, hasStock=true, rent=Rent(id=0, code=null, startRent=null, endRent=null, isReturned=false, totalPrice=0.0))
2023-03-08 18:33:12,355 ERROR com.svalero.library.controller.BookController [http-nio-8081-exec-4] Internal Error 
2023-03-08 18:33:24,554 INFO com.svalero.library.controller.BookController [http-nio-8081-exec-6] GET Books
2023-03-08 18:33:24,555 INFO com.svalero.library.controller.BookController [http-nio-8081-exec-6] END GET Books
2023-03-08 18:33:31,088 INFO com.svalero.library.controller.BookController [http-nio-8081-exec-7] GET Books
2023-03-08 18:33:31,089 INFO com.svalero.library.controller.BookController [http-nio-8081-exec-7] END GET Books
2023-03-08 18:33:56,974 INFO com.zaxxer.hikari.HikariDataSource [SpringApplicationShutdownHook] HikariPool-1 - Shutdown initiated...
2023-03-08 18:33:56,976 INFO com.zaxxer.hikari.HikariDataSource [SpringApplicationShutdownHook] HikariPool-1 - Shutdown completed.
2023-03-08 18:34:00,962 INFO org.springframework.boot.StartupInfoLogger [main] Starting LibraryApplication using Java 17.0.6 on PcJavi with PID 1544 (C:\Users\javi_\IdeaProjects\Library\target\classes started by javi_ in C:\Users\javi_\IdeaProjects\Library)
2023-03-08 18:34:00,964 INFO org.springframework.boot.SpringApplication [main] No active profile set, falling back to 1 default profile: "default"
2023-03-08 18:34:01,752 INFO org.apache.juli.logging.DirectJDKLog [main] Initializing ProtocolHandler ["http-nio-8081"]
2023-03-08 18:34:01,753 INFO org.apache.juli.logging.DirectJDKLog [main] Starting service [Tomcat]
2023-03-08 18:34:01,753 INFO org.apache.juli.logging.DirectJDKLog [main] Starting Servlet engine: [Apache Tomcat/9.0.65]
2023-03-08 18:34:01,843 INFO org.apache.juli.logging.DirectJDKLog [main] Initializing Spring embedded WebApplicationContext
2023-03-08 18:34:02,127 INFO com.zaxxer.hikari.HikariDataSource [main] HikariPool-1 - Starting...
2023-03-08 18:34:02,298 INFO com.zaxxer.hikari.HikariDataSource [main] HikariPool-1 - Start completed.
2023-03-08 18:34:03,081 WARN org.springframework.boot.autoconfigure.orm.jpa.JpaBaseConfiguration$JpaWebConfiguration [main] spring.jpa.open-in-view is enabled by default. Therefore, database queries may be performed during view rendering. Explicitly configure spring.jpa.open-in-view to disable this warning
2023-03-08 18:34:03,261 INFO org.apache.juli.logging.DirectJDKLog [main] Starting ProtocolHandler ["http-nio-8081"]
2023-03-08 18:34:03,284 INFO org.springframework.boot.StartupInfoLogger [main] Started LibraryApplication in 2.56 seconds (JVM running for 3.052)
2023-03-08 18:34:08,800 INFO org.apache.juli.logging.DirectJDKLog [http-nio-8081-exec-1] Initializing Spring DispatcherServlet 'dispatcherServlet'
2023-03-08 18:34:08,902 INFO com.svalero.library.controller.BookController [http-nio-8081-exec-1] POST Book
2023-03-08 18:34:08,932 INFO com.svalero.library.service.BookServiceImpl [http-nio-8081-exec-1] Added Book: Book(id=0, code=null, title=Esto, author=Javier, year=null, genre=action, pages=0, price=0.0, hasStock=true, rent=Rent(id=0, code=null, startRent=null, endRent=null, isReturned=false, totalPrice=0.0))
2023-03-08 18:34:08,969 ERROR com.svalero.library.controller.BookController [http-nio-8081-exec-1] Internal Error 
2023-03-08 18:34:17,130 INFO com.svalero.library.controller.BookController [http-nio-8081-exec-6] POST Book
2023-03-08 18:34:17,131 INFO com.svalero.library.service.BookServiceImpl [http-nio-8081-exec-6] Added Book: Book(id=0, code=null, title=Esto, author=Javier, year=null, genre=action, pages=0, price=0.0, hasStock=true, rent=Rent(id=0, code=null, startRent=null, endRent=null, isReturned=false, totalPrice=0.0))
2023-03-08 18:34:17,133 ERROR com.svalero.library.controller.BookController [http-nio-8081-exec-6] Internal Error 
2023-03-08 18:36:20,769 INFO com.zaxxer.hikari.HikariDataSource [SpringApplicationShutdownHook] HikariPool-1 - Shutdown initiated...
2023-03-08 18:36:20,771 INFO com.zaxxer.hikari.HikariDataSource [SpringApplicationShutdownHook] HikariPool-1 - Shutdown completed.
2023-03-08 18:38:20,667 INFO org.springframework.boot.StartupInfoLogger [main] Starting LibraryApplication using Java 17.0.6 on PcJavi with PID 17304 (C:\Users\javi_\IdeaProjects\Library\target\classes started by javi_ in C:\Users\javi_\IdeaProjects\Library)
2023-03-08 18:38:20,669 INFO org.springframework.boot.SpringApplication [main] No active profile set, falling back to 1 default profile: "default"
2023-03-08 18:38:21,464 INFO org.apache.juli.logging.DirectJDKLog [main] Initializing ProtocolHandler ["http-nio-8081"]
2023-03-08 18:38:21,465 INFO org.apache.juli.logging.DirectJDKLog [main] Starting service [Tomcat]
2023-03-08 18:38:21,465 INFO org.apache.juli.logging.DirectJDKLog [main] Starting Servlet engine: [Apache Tomcat/9.0.65]
2023-03-08 18:38:21,557 INFO org.apache.juli.logging.DirectJDKLog [main] Initializing Spring embedded WebApplicationContext
2023-03-08 18:38:21,841 INFO com.zaxxer.hikari.HikariDataSource [main] HikariPool-1 - Starting...
2023-03-08 18:38:22,004 INFO com.zaxxer.hikari.HikariDataSource [main] HikariPool-1 - Start completed.
2023-03-08 18:38:22,759 WARN org.springframework.boot.autoconfigure.orm.jpa.JpaBaseConfiguration$JpaWebConfiguration [main] spring.jpa.open-in-view is enabled by default. Therefore, database queries may be performed during view rendering. Explicitly configure spring.jpa.open-in-view to disable this warning
2023-03-08 18:38:22,929 INFO org.apache.juli.logging.DirectJDKLog [main] Starting ProtocolHandler ["http-nio-8081"]
2023-03-08 18:38:22,946 INFO org.springframework.boot.StartupInfoLogger [main] Started LibraryApplication in 2.52 seconds (JVM running for 3.015)
2023-03-08 18:38:23,934 INFO org.apache.juli.logging.DirectJDKLog [http-nio-8081-exec-1] Initializing Spring DispatcherServlet 'dispatcherServlet'
2023-03-08 18:38:24,007 INFO com.svalero.library.controller.BookController [http-nio-8081-exec-1] POST Book
2023-03-08 18:38:24,036 INFO com.svalero.library.service.BookServiceImpl [http-nio-8081-exec-1] Added Book: Book(id=0, code=null, title=Esto, author=Javier, year=null, genre=action, pages=0, price=0.0, hasStock=true, rent=Rent(id=0, code=null, startRent=null, endRent=null, isReturned=false, totalPrice=0.0))
2023-03-08 18:38:24,064 ERROR com.svalero.library.controller.BookController [http-nio-8081-exec-1] Internal Error 
2023-03-08 18:38:25,651 INFO com.svalero.library.controller.BookController [http-nio-8081-exec-5] POST Book
2023-03-08 18:38:25,652 INFO com.svalero.library.service.BookServiceImpl [http-nio-8081-exec-5] Added Book: Book(id=0, code=null, title=Esto, author=Javier, year=null, genre=action, pages=0, price=0.0, hasStock=true, rent=Rent(id=0, code=null, startRent=null, endRent=null, isReturned=false, totalPrice=0.0))
2023-03-08 18:38:25,653 ERROR com.svalero.library.controller.BookController [http-nio-8081-exec-5] Internal Error 
2023-03-08 18:38:32,758 INFO com.svalero.library.controller.BookController [http-nio-8081-exec-6] POST Book
2023-03-08 18:38:32,758 INFO com.svalero.library.service.BookServiceImpl [http-nio-8081-exec-6] Added Book: Book(id=0, code=null, title=Esto, author=Javier, year=null, genre=action, pages=0, price=0.0, hasStock=true, rent=Rent(id=0, code=null, startRent=null, endRent=null, isReturned=false, totalPrice=0.0))
2023-03-08 18:38:32,760 ERROR com.svalero.library.controller.BookController [http-nio-8081-exec-6] Internal Error 
2023-03-08 18:38:44,921 INFO com.svalero.library.controller.BookController [http-nio-8081-exec-10] GET Books
2023-03-08 18:38:44,922 INFO com.svalero.library.controller.BookController [http-nio-8081-exec-10] END GET Books
2023-03-08 18:41:58,934 INFO com.zaxxer.hikari.HikariDataSource [SpringApplicationShutdownHook] HikariPool-1 - Shutdown initiated...
2023-03-08 18:41:58,936 INFO com.zaxxer.hikari.HikariDataSource [SpringApplicationShutdownHook] HikariPool-1 - Shutdown completed.
2023-03-08 18:42:18,669 INFO org.springframework.boot.StartupInfoLogger [main] Starting LibraryApplication using Java 17.0.6 on PcJavi with PID 16616 (C:\Users\javi_\IdeaProjects\Library\target\classes started by javi_ in C:\Users\javi_\IdeaProjects\Library)
2023-03-08 18:42:18,671 INFO org.springframework.boot.SpringApplication [main] No active profile set, falling back to 1 default profile: "default"
2023-03-08 18:42:19,424 INFO org.apache.juli.logging.DirectJDKLog [main] Initializing ProtocolHandler ["http-nio-8081"]
2023-03-08 18:42:19,425 INFO org.apache.juli.logging.DirectJDKLog [main] Starting service [Tomcat]
2023-03-08 18:42:19,425 INFO org.apache.juli.logging.DirectJDKLog [main] Starting Servlet engine: [Apache Tomcat/9.0.65]
2023-03-08 18:42:19,512 INFO org.apache.juli.logging.DirectJDKLog [main] Initializing Spring embedded WebApplicationContext
2023-03-08 18:42:19,784 INFO com.zaxxer.hikari.HikariDataSource [main] HikariPool-1 - Starting...
2023-03-08 18:42:19,949 INFO com.zaxxer.hikari.HikariDataSource [main] HikariPool-1 - Start completed.
2023-03-08 18:42:20,718 WARN org.springframework.boot.autoconfigure.orm.jpa.JpaBaseConfiguration$JpaWebConfiguration [main] spring.jpa.open-in-view is enabled by default. Therefore, database queries may be performed during view rendering. Explicitly configure spring.jpa.open-in-view to disable this warning
2023-03-08 18:42:20,903 INFO org.apache.juli.logging.DirectJDKLog [main] Starting ProtocolHandler ["http-nio-8081"]
2023-03-08 18:42:20,922 INFO org.springframework.boot.StartupInfoLogger [main] Started LibraryApplication in 2.504 seconds (JVM running for 3.011)
2023-03-08 18:42:21,882 INFO org.apache.juli.logging.DirectJDKLog [http-nio-8081-exec-3] Initializing Spring DispatcherServlet 'dispatcherServlet'
2023-03-08 18:42:21,971 INFO com.svalero.library.controller.BookController [http-nio-8081-exec-3] POST Book
2023-03-08 18:42:21,977 INFO com.svalero.library.service.BookServiceImpl [http-nio-8081-exec-3] Added Book: Book(id=0, code=C1, title=Esto, author=Javier, year=2022-05-14, genre=action, pages=100, price=1.5, hasStock=true, rent=null)
2023-03-08 18:42:22,013 INFO com.svalero.library.controller.BookController [http-nio-8081-exec-3] END POST Book
2023-03-08 18:42:26,168 INFO com.svalero.library.controller.BookController [http-nio-8081-exec-2] GET Books
2023-03-08 18:42:26,168 INFO com.svalero.library.controller.BookController [http-nio-8081-exec-2] END GET Books
2023-03-08 18:42:56,187 INFO com.zaxxer.hikari.HikariDataSource [SpringApplicationShutdownHook] HikariPool-1 - Shutdown initiated...
2023-03-08 18:42:56,188 INFO com.zaxxer.hikari.HikariDataSource [SpringApplicationShutdownHook] HikariPool-1 - Shutdown completed.
