2023-04-30 00:58:42,099 INFO org.springframework.boot.StartupInfoLogger [main] Starting LibraryApplication using Java 17.0.6 on PcJavi with PID 19680 (C:\Users\javi_\IdeaProjects\Library\target\classes started by javi_ in C:\Users\javi_\IdeaProjects\Library)
2023-04-30 00:58:42,102 INFO org.springframework.boot.SpringApplication [main] No active profile set, falling back to 1 default profile: "default"
2023-04-30 00:58:43,040 INFO org.apache.juli.logging.DirectJDKLog [main] Initializing ProtocolHandler ["http-nio-8081"]
2023-04-30 00:58:43,041 INFO org.apache.juli.logging.DirectJDKLog [main] Starting service [Tomcat]
2023-04-30 00:58:43,041 INFO org.apache.juli.logging.DirectJDKLog [main] Starting Servlet engine: [Apache Tomcat/9.0.65]
2023-04-30 00:58:43,137 INFO org.apache.juli.logging.DirectJDKLog [main] Initializing Spring embedded WebApplicationContext
2023-04-30 00:58:43,457 INFO com.zaxxer.hikari.HikariDataSource [main] HikariPool-1 - Starting...
2023-04-30 00:58:43,655 INFO com.zaxxer.hikari.HikariDataSource [main] HikariPool-1 - Start completed.
2023-04-30 00:58:44,520 WARN org.springframework.boot.autoconfigure.orm.jpa.JpaBaseConfiguration$JpaWebConfiguration [main] spring.jpa.open-in-view is enabled by default. Therefore, database queries may be performed during view rendering. Explicitly configure spring.jpa.open-in-view to disable this warning
2023-04-30 00:58:44,949 INFO org.apache.juli.logging.DirectJDKLog [main] Starting ProtocolHandler ["http-nio-8081"]
2023-04-30 00:58:44,972 INFO org.springframework.boot.StartupInfoLogger [main] Started LibraryApplication in 3.138 seconds (JVM running for 3.509)
2023-04-30 00:59:00,810 INFO org.apache.juli.logging.DirectJDKLog [http-nio-8081-exec-1] Initializing Spring DispatcherServlet 'dispatcherServlet'
2023-04-30 00:59:01,378 INFO org.springdoc.api.AbstractOpenApiResource [http-nio-8081-exec-1] Init duration for springdoc-openapi is: 544 ms
2023-04-30 01:33:55,178 INFO com.svalero.library.controller.UserController [http-nio-8081-exec-8] POST Users
2023-04-30 01:33:55,183 INFO com.svalero.library.service.UserServiceImpl [http-nio-8081-exec-8] Added User: User(id=0, code=B1, name=Javier, lastName=Vizcaino, address=Calle, phoneNumber=654, email=javi, birthdate=1993-05-14, isMember=true, userRents=null)
2023-04-30 01:33:55,221 INFO com.svalero.library.controller.UserController [http-nio-8081-exec-8] END POST Users
2023-04-30 01:35:49,280 INFO com.svalero.library.controller.BookController [http-nio-8081-exec-3] POST Book
2023-04-30 01:35:49,285 INFO com.svalero.library.service.BookServiceImpl [http-nio-8081-exec-3] Added Book: Book(id=0, code=C1, title=Esto, author=Javier, year=2022-05-14, genre=action, description=prueba, pages=100, price=1.5, hasStock=true, rent=null)
2023-04-30 01:35:49,290 INFO com.svalero.library.controller.BookController [http-nio-8081-exec-3] END POST Book
2023-04-30 01:37:14,355 INFO com.svalero.library.controller.StockController [http-nio-8081-exec-6] POST Stocks
2023-04-30 01:37:14,358 INFO com.svalero.library.service.StockServiceImpl [http-nio-8081-exec-6] Stock added: Stock(id=0, code=Code - 647, isAvailable=true, quantity=1)
2023-04-30 01:37:14,363 INFO com.svalero.library.controller.StockController [http-nio-8081-exec-6] END POST Stocks
2023-04-30 02:57:16,171 ERROR com.svalero.library.controller.UserController [http-nio-8081-exec-8] PATCH User
2023-04-30 02:57:16,194 ERROR com.svalero.library.controller.UserController [http-nio-8081-exec-8] User not found
2023-04-30 14:22:28,783 INFO org.springframework.boot.StartupInfoLogger [main] Starting LibraryApplication using Java 17.0.6 on PcJavi with PID 17580 (C:\Users\javi_\IdeaProjects\Library\target\classes started by javi_ in C:\Users\javi_\IdeaProjects\Library)
2023-04-30 14:22:28,785 INFO org.springframework.boot.SpringApplication [main] No active profile set, falling back to 1 default profile: "default"
2023-04-30 14:22:29,682 INFO org.apache.juli.logging.DirectJDKLog [main] Initializing ProtocolHandler ["http-nio-8081"]
2023-04-30 14:22:29,683 INFO org.apache.juli.logging.DirectJDKLog [main] Starting service [Tomcat]
2023-04-30 14:22:29,683 INFO org.apache.juli.logging.DirectJDKLog [main] Starting Servlet engine: [Apache Tomcat/9.0.65]
2023-04-30 14:22:29,787 INFO org.apache.juli.logging.DirectJDKLog [main] Initializing Spring embedded WebApplicationContext
2023-04-30 14:22:30,110 INFO com.zaxxer.hikari.HikariDataSource [main] HikariPool-1 - Starting...
2023-04-30 14:22:30,309 INFO com.zaxxer.hikari.HikariDataSource [main] HikariPool-1 - Start completed.
2023-04-30 14:22:31,145 WARN org.springframework.boot.autoconfigure.orm.jpa.JpaBaseConfiguration$JpaWebConfiguration [main] spring.jpa.open-in-view is enabled by default. Therefore, database queries may be performed during view rendering. Explicitly configure spring.jpa.open-in-view to disable this warning
2023-04-30 14:22:31,334 INFO org.apache.juli.logging.DirectJDKLog [main] Starting ProtocolHandler ["http-nio-8081"]
2023-04-30 14:22:31,363 INFO org.springframework.boot.StartupInfoLogger [main] Started LibraryApplication in 2.863 seconds (JVM running for 3.244)
2023-04-30 14:22:33,509 INFO org.apache.juli.logging.DirectJDKLog [http-nio-8081-exec-3] Initializing Spring DispatcherServlet 'dispatcherServlet'
2023-04-30 14:22:33,576 INFO com.svalero.library.controller.RentController [http-nio-8081-exec-3] POST Rents
2023-04-30 14:22:33,582 INFO com.svalero.library.service.RentServiceImpl [http-nio-8081-exec-3] Added Rent: RentDTO(id=0, title=null, code=B1, startRent=2022-05-01, endRent=2022-05-08, isReturned=true, userId=2, totalPrice=5.0, bookId=2)
2023-04-30 14:22:33,609 ERROR com.svalero.library.controller.RentController [http-nio-8081-exec-3] Internal Error Book not found
2023-04-30 14:22:40,035 INFO com.svalero.library.controller.RentController [http-nio-8081-exec-2] POST Rents
2023-04-30 14:22:40,036 INFO com.svalero.library.service.RentServiceImpl [http-nio-8081-exec-2] Added Rent: RentDTO(id=0, title=null, code=B1, startRent=2022-05-01, endRent=2022-05-08, isReturned=true, userId=2, totalPrice=5.0, bookId=2)
2023-04-30 14:22:40,037 ERROR com.svalero.library.controller.RentController [http-nio-8081-exec-2] Internal Error Book not found
2023-04-30 14:22:46,156 INFO com.svalero.library.controller.RentController [http-nio-8081-exec-5] GET Rents
2023-04-30 14:22:46,157 INFO com.svalero.library.controller.RentController [http-nio-8081-exec-5] END GET Rents
2023-04-30 14:23:07,823 INFO com.svalero.library.controller.UserController [http-nio-8081-exec-7] POST Users
2023-04-30 14:23:07,827 INFO com.svalero.library.service.UserServiceImpl [http-nio-8081-exec-7] Added User: User(id=0, code=B1, name=Javier, lastName=Vizcaino, address=Calle, phoneNumber=654, email=javi, birthdate=1993-05-14, isMember=true, userRents=null)
2023-04-30 14:23:07,854 INFO com.svalero.library.controller.UserController [http-nio-8081-exec-7] END POST Users
2023-04-30 14:23:26,528 INFO com.svalero.library.controller.BookController [http-nio-8081-exec-8] POST Book
2023-04-30 14:23:26,534 INFO com.svalero.library.service.BookServiceImpl [http-nio-8081-exec-8] Added Book: Book(id=0, code=C1, title=Esto, author=Javier, year=2022-05-14, genre=action, description=prueba, pages=100, price=1.5, hasStock=true, rent=null)
2023-04-30 14:23:26,540 INFO com.svalero.library.controller.BookController [http-nio-8081-exec-8] END POST Book
2023-04-30 14:23:42,793 INFO com.svalero.library.controller.RentController [http-nio-8081-exec-9] POST Rents
2023-04-30 14:23:42,793 INFO com.svalero.library.service.RentServiceImpl [http-nio-8081-exec-9] Added Rent: RentDTO(id=0, title=null, code=B1, startRent=2022-05-01, endRent=2022-05-08, isReturned=true, userId=33, totalPrice=5.0, bookId=161)
2023-04-30 14:23:42,806 ERROR com.svalero.library.controller.RentController [http-nio-8081-exec-9] Internal Error User not found
2023-04-30 14:23:59,524 INFO com.svalero.library.controller.UserController [http-nio-8081-exec-1] GET Users
2023-04-30 14:23:59,525 INFO com.svalero.library.controller.UserController [http-nio-8081-exec-1] END GET Users
2023-04-30 14:24:20,244 INFO com.svalero.library.controller.RentController [http-nio-8081-exec-3] POST Rents
2023-04-30 14:24:20,244 INFO com.svalero.library.service.RentServiceImpl [http-nio-8081-exec-3] Added Rent: RentDTO(id=0, title=null, code=B1, startRent=2022-05-01, endRent=2022-05-08, isReturned=false, userId=33, totalPrice=5.0, bookId=161)
2023-04-30 14:24:20,246 ERROR com.svalero.library.controller.RentController [http-nio-8081-exec-3] Internal Error User not found
2023-04-30 14:24:30,355 INFO com.svalero.library.controller.RentController [http-nio-8081-exec-2] POST Rents
2023-04-30 14:24:30,356 INFO com.svalero.library.service.RentServiceImpl [http-nio-8081-exec-2] Added Rent: RentDTO(id=0, title=null, code=B1, startRent=2022-05-01, endRent=2022-05-08, isReturned=false, userId=1, totalPrice=5.0, bookId=161)
2023-04-30 14:24:30,358 ERROR com.svalero.library.controller.RentController [http-nio-8081-exec-2] Internal Error User not found
2023-04-30 14:25:05,554 INFO com.svalero.library.controller.UserController [http-nio-8081-exec-5] GET Users
2023-04-30 14:25:05,555 INFO com.svalero.library.service.UserServiceImpl [http-nio-8081-exec-5] User Id: 1
2023-04-30 14:25:05,556 INFO com.svalero.library.controller.UserController [http-nio-8081-exec-5] END GET Users
2023-04-30 14:26:09,868 INFO com.svalero.library.controller.RentController [http-nio-8081-exec-9] POST Rents
2023-04-30 14:26:09,868 INFO com.svalero.library.service.RentServiceImpl [http-nio-8081-exec-9] Added Rent: RentDTO(id=0, title=null, code=B1, startRent=2022-05-01, endRent=2022-05-08, isReturned=false, userId=0, totalPrice=5.0, bookId=161)
2023-04-30 14:26:09,870 ERROR com.svalero.library.controller.RentController [http-nio-8081-exec-9] Internal Error User not found
2023-04-30 14:26:28,709 INFO com.svalero.library.controller.NoticeController [http-nio-8081-exec-1] POST Notices
2023-04-30 14:26:28,713 INFO com.svalero.library.service.NoticeServiceImpl [http-nio-8081-exec-1] Added Notice: Notice(id=0, code=A1, titleNotice=Nuevo, description=Probando, dateSendNotice=2022-02-01, rating=2.5, hasRead=true, bookId=2)
2023-04-30 14:26:28,715 ERROR com.svalero.library.controller.NoticeController [http-nio-8081-exec-1] Internal Error Book not found
2023-04-30 14:26:36,806 INFO com.svalero.library.controller.NoticeController [http-nio-8081-exec-4] POST Notices
2023-04-30 14:26:36,806 INFO com.svalero.library.service.NoticeServiceImpl [http-nio-8081-exec-4] Added Notice: Notice(id=0, code=A1, titleNotice=Nuevo, description=Probando, dateSendNotice=2022-02-01, rating=2.5, hasRead=true, bookId=133)
2023-04-30 14:26:36,807 ERROR com.svalero.library.controller.NoticeController [http-nio-8081-exec-4] Internal Error Book not found
2023-04-30 14:26:43,689 INFO com.svalero.library.controller.BookController [http-nio-8081-exec-6] GET Books
2023-04-30 14:26:56,815 INFO com.svalero.library.controller.NoticeController [http-nio-8081-exec-5] POST Notices
2023-04-30 14:26:56,816 INFO com.svalero.library.service.NoticeServiceImpl [http-nio-8081-exec-5] Added Notice: Notice(id=0, code=A1, titleNotice=Nuevo, description=Probando, dateSendNotice=2022-02-01, rating=2.5, hasRead=true, bookId=1)
2023-04-30 14:26:56,825 INFO com.svalero.library.controller.NoticeController [http-nio-8081-exec-5] END POST Notices
2023-04-30 14:27:03,468 INFO com.svalero.library.controller.RentController [http-nio-8081-exec-7] POST Rents
2023-04-30 14:27:03,468 INFO com.svalero.library.service.RentServiceImpl [http-nio-8081-exec-7] Added Rent: RentDTO(id=0, title=null, code=B1, startRent=2022-05-01, endRent=2022-05-08, isReturned=false, userId=1, totalPrice=5.0, bookId=161)
2023-04-30 14:27:03,469 ERROR com.svalero.library.controller.RentController [http-nio-8081-exec-7] Internal Error User not found
2023-04-30 14:27:07,038 INFO com.svalero.library.controller.RentController [http-nio-8081-exec-9] POST Rents
2023-04-30 14:27:07,039 INFO com.svalero.library.service.RentServiceImpl [http-nio-8081-exec-9] Added Rent: RentDTO(id=0, title=null, code=B1, startRent=2022-05-01, endRent=2022-05-08, isReturned=false, userId=1, totalPrice=5.0, bookId=1)
2023-04-30 14:27:07,045 INFO com.svalero.library.controller.RentController [http-nio-8081-exec-9] END POST Rents
2023-04-30 16:47:48,033 INFO org.springframework.boot.StartupInfoLogger [main] Starting LibraryApplication using Java 17.0.6 on PcJavi with PID 5224 (C:\Users\javi_\IdeaProjects\Library\target\classes started by javi_ in C:\Users\javi_\IdeaProjects\Library)
2023-04-30 16:47:48,035 INFO org.springframework.boot.SpringApplication [main] No active profile set, falling back to 1 default profile: "default"
2023-04-30 16:47:49,149 INFO org.apache.juli.logging.DirectJDKLog [main] Initializing ProtocolHandler ["http-nio-8081"]
2023-04-30 16:47:49,150 INFO org.apache.juli.logging.DirectJDKLog [main] Starting service [Tomcat]
2023-04-30 16:47:49,151 INFO org.apache.juli.logging.DirectJDKLog [main] Starting Servlet engine: [Apache Tomcat/9.0.65]
2023-04-30 16:47:49,268 INFO org.apache.juli.logging.DirectJDKLog [main] Initializing Spring embedded WebApplicationContext
2023-04-30 16:47:49,647 INFO com.zaxxer.hikari.HikariDataSource [main] HikariPool-1 - Starting...
2023-04-30 16:47:49,899 INFO com.zaxxer.hikari.HikariDataSource [main] HikariPool-1 - Start completed.
2023-04-30 16:47:50,905 WARN org.springframework.boot.autoconfigure.orm.jpa.JpaBaseConfiguration$JpaWebConfiguration [main] spring.jpa.open-in-view is enabled by default. Therefore, database queries may be performed during view rendering. Explicitly configure spring.jpa.open-in-view to disable this warning
2023-04-30 16:47:51,108 INFO org.apache.juli.logging.DirectJDKLog [main] Starting ProtocolHandler ["http-nio-8081"]
2023-04-30 16:47:51,140 INFO org.springframework.boot.StartupInfoLogger [main] Started LibraryApplication in 3.412 seconds (JVM running for 3.901)
2023-04-30 16:47:51,474 INFO org.apache.juli.logging.DirectJDKLog [http-nio-8081-exec-1] Initializing Spring DispatcherServlet 'dispatcherServlet'
2023-04-30 16:48:10,269 INFO com.svalero.library.controller.BookController [http-nio-8081-exec-3] GET Books
2023-04-30 16:54:28,962 INFO com.svalero.library.controller.BookController [http-nio-8081-exec-7] GET Books
2023-04-30 16:54:32,617 INFO com.svalero.library.controller.BookController [http-nio-8081-exec-8] GET Books
2023-04-30 17:02:19,945 INFO com.svalero.library.controller.BookController [http-nio-8081-exec-1] GET Books
2023-04-30 17:02:21,332 ERROR com.svalero.library.controller.BookController [http-nio-8081-exec-2] Internal Error 
2023-04-30 17:02:58,340 INFO com.svalero.library.controller.BookController [http-nio-8081-exec-4] GET Books
2023-04-30 17:03:13,612 INFO com.svalero.library.controller.BookController [http-nio-8081-exec-6] GET Books
2023-04-30 17:03:14,593 ERROR com.svalero.library.controller.BookController [http-nio-8081-exec-7] Internal Error 
2023-04-30 17:03:39,475 INFO com.svalero.library.controller.BookController [http-nio-8081-exec-9] GET Books
2023-04-30 17:03:40,244 ERROR com.svalero.library.controller.BookController [http-nio-8081-exec-10] Internal Error 
2023-04-30 17:03:46,162 INFO com.svalero.library.controller.BookController [http-nio-8081-exec-2] GET Books
2023-04-30 17:03:47,148 ERROR com.svalero.library.controller.BookController [http-nio-8081-exec-3] Internal Error 
2023-04-30 17:03:49,516 INFO com.svalero.library.controller.BookController [http-nio-8081-exec-5] GET Books
2023-04-30 17:03:50,639 ERROR com.svalero.library.controller.BookController [http-nio-8081-exec-6] Internal Error 
2023-04-30 17:03:52,744 INFO com.svalero.library.controller.BookController [http-nio-8081-exec-8] GET Books
2023-04-30 17:04:17,816 INFO com.svalero.library.controller.BookController [http-nio-8081-exec-9] POST Book
2023-04-30 17:04:17,824 INFO com.svalero.library.service.BookServiceImpl [http-nio-8081-exec-9] Added Book: Book(id=0, code=a1, title=Hola, author=Javier, year=1990, genre=Fantasy, description=Prueba, pages=500, price=5.0, hasStock=true, rent=null)
2023-04-30 17:04:17,859 INFO com.svalero.library.controller.BookController [http-nio-8081-exec-9] END POST Book
2023-04-30 17:04:22,008 INFO com.svalero.library.controller.BookController [http-nio-8081-exec-10] GET Books
2023-04-30 17:04:27,099 ERROR com.svalero.library.controller.BookController [http-nio-8081-exec-1] Internal Error 
2023-04-30 17:09:07,362 INFO com.svalero.library.controller.BookController [http-nio-8081-exec-5] GET Books
2023-04-30 17:09:08,690 ERROR com.svalero.library.controller.BookController [http-nio-8081-exec-6] Internal Error 
2023-04-30 17:09:36,695 INFO com.svalero.library.controller.BookController [http-nio-8081-exec-8] GET Books
2023-04-30 17:09:37,889 ERROR com.svalero.library.controller.BookController [http-nio-8081-exec-9] Internal Error 
2023-04-30 17:11:24,444 INFO com.svalero.library.controller.BookController [http-nio-8081-exec-1] GET Books
2023-04-30 17:11:25,428 ERROR com.svalero.library.controller.BookController [http-nio-8081-exec-2] Internal Error 
2023-04-30 17:11:36,164 INFO com.svalero.library.controller.BookController [http-nio-8081-exec-4] GET Books
2023-04-30 17:11:37,042 ERROR com.svalero.library.controller.BookController [http-nio-8081-exec-5] Internal Error 
2023-04-30 17:16:44,522 INFO com.svalero.library.controller.BookController [http-nio-8081-exec-9] GET Books
2023-04-30 17:21:15,359 INFO com.svalero.library.controller.BookController [http-nio-8081-exec-1] GET Books
2023-04-30 17:22:59,028 INFO com.svalero.library.controller.BookController [http-nio-8081-exec-3] GET Books
2023-04-30 17:24:18,708 INFO com.svalero.library.controller.BookController [http-nio-8081-exec-9] GET Books
2023-04-30 17:24:19,759 INFO com.svalero.library.controller.BookController [http-nio-8081-exec-10] GET Book
2023-04-30 17:24:19,761 INFO com.svalero.library.service.BookServiceImpl [http-nio-8081-exec-10] Book id: 129
2023-04-30 17:24:19,770 INFO com.svalero.library.controller.BookController [http-nio-8081-exec-10] END GET Book
2023-04-30 17:24:42,746 INFO com.svalero.library.controller.BookController [http-nio-8081-exec-3] GET Books
2023-04-30 17:25:27,556 INFO com.svalero.library.controller.BookController [http-nio-8081-exec-5] GET Books
2023-04-30 17:25:34,528 INFO com.svalero.library.controller.BookController [http-nio-8081-exec-6] GET Books
2023-04-30 17:25:37,675 ERROR com.svalero.library.controller.BookController [http-nio-8081-exec-7] DELETE Book
2023-04-30 17:25:37,676 INFO com.svalero.library.service.BookServiceImpl [http-nio-8081-exec-7] Deleted Book: 97
2023-04-30 17:25:37,691 ERROR com.svalero.library.controller.BookController [http-nio-8081-exec-7] END DELETE Book
2023-04-30 17:26:50,078 INFO com.svalero.library.controller.BookController [http-nio-8081-exec-9] GET Books
2023-04-30 17:26:50,862 INFO com.svalero.library.controller.BookController [http-nio-8081-exec-10] GET Book
2023-04-30 17:26:50,863 INFO com.svalero.library.service.BookServiceImpl [http-nio-8081-exec-10] Book id: 161
2023-04-30 17:26:50,864 INFO com.svalero.library.controller.BookController [http-nio-8081-exec-10] END GET Book
2023-04-30 17:31:07,792 INFO com.svalero.library.controller.BookController [http-nio-8081-exec-3] GET Books
2023-04-30 17:31:08,747 INFO com.svalero.library.controller.BookController [http-nio-8081-exec-4] GET Book
2023-04-30 17:31:08,748 INFO com.svalero.library.service.BookServiceImpl [http-nio-8081-exec-4] Book id: 161
2023-04-30 17:31:08,749 INFO com.svalero.library.controller.BookController [http-nio-8081-exec-4] END GET Book
2023-04-30 17:33:59,225 INFO com.svalero.library.controller.BookController [http-nio-8081-exec-7] GET Books
2023-04-30 17:34:00,372 INFO com.svalero.library.controller.BookController [http-nio-8081-exec-8] GET Book
2023-04-30 17:34:00,373 INFO com.svalero.library.service.BookServiceImpl [http-nio-8081-exec-8] Book id: 161
2023-04-30 17:34:00,374 INFO com.svalero.library.controller.BookController [http-nio-8081-exec-8] END GET Book
2023-04-30 17:42:42,305 ERROR com.svalero.library.controller.BookController [http-nio-8081-exec-6] Incorrect Data
2023-04-30 17:42:47,696 ERROR com.svalero.library.controller.BookController [http-nio-8081-exec-8] Incorrect Data
2023-04-30 17:42:49,723 ERROR com.svalero.library.controller.BookController [http-nio-8081-exec-9] Incorrect Data
2023-04-30 17:42:55,424 ERROR com.svalero.library.controller.BookController [http-nio-8081-exec-1] Incorrect Data
2023-04-30 17:42:56,931 ERROR com.svalero.library.controller.BookController [http-nio-8081-exec-4] Incorrect Data
2023-04-30 17:43:03,028 INFO com.svalero.library.controller.BookController [http-nio-8081-exec-6] GET Book
2023-04-30 17:43:03,028 INFO com.svalero.library.service.BookServiceImpl [http-nio-8081-exec-6] Book id: 1
2023-04-30 17:43:03,029 INFO com.svalero.library.controller.BookController [http-nio-8081-exec-6] END GET Book
2023-04-30 17:45:57,873 INFO com.svalero.library.controller.BookController [http-nio-8081-exec-8] GET Books
2023-04-30 17:45:58,784 INFO com.svalero.library.controller.BookController [http-nio-8081-exec-10] GET Book
2023-04-30 17:45:58,784 INFO com.svalero.library.service.BookServiceImpl [http-nio-8081-exec-10] Book id: 129
2023-04-30 17:45:58,786 INFO com.svalero.library.controller.BookController [http-nio-8081-exec-10] END GET Book
2023-04-30 19:23:44,636 INFO org.springframework.boot.StartupInfoLogger [main] Starting LibraryApplication using Java 17.0.6 on PcJavi with PID 18800 (C:\Users\javi_\IdeaProjects\Library\target\classes started by javi_ in C:\Users\javi_\IdeaProjects\Library)
2023-04-30 19:23:44,639 INFO org.springframework.boot.SpringApplication [main] No active profile set, falling back to 1 default profile: "default"
2023-04-30 19:23:45,610 INFO org.apache.juli.logging.DirectJDKLog [main] Initializing ProtocolHandler ["http-nio-8081"]
2023-04-30 19:23:45,611 INFO org.apache.juli.logging.DirectJDKLog [main] Starting service [Tomcat]
2023-04-30 19:23:45,611 INFO org.apache.juli.logging.DirectJDKLog [main] Starting Servlet engine: [Apache Tomcat/9.0.65]
2023-04-30 19:23:45,713 INFO org.apache.juli.logging.DirectJDKLog [main] Initializing Spring embedded WebApplicationContext
2023-04-30 19:23:46,042 INFO com.zaxxer.hikari.HikariDataSource [main] HikariPool-1 - Starting...
2023-04-30 19:23:46,251 INFO com.zaxxer.hikari.HikariDataSource [main] HikariPool-1 - Start completed.
2023-04-30 19:23:47,134 WARN org.springframework.boot.autoconfigure.orm.jpa.JpaBaseConfiguration$JpaWebConfiguration [main] spring.jpa.open-in-view is enabled by default. Therefore, database queries may be performed during view rendering. Explicitly configure spring.jpa.open-in-view to disable this warning
2023-04-30 19:23:47,326 INFO org.apache.juli.logging.DirectJDKLog [main] Starting ProtocolHandler ["http-nio-8081"]
2023-04-30 19:23:47,357 INFO org.springframework.boot.StartupInfoLogger [main] Started LibraryApplication in 3.02 seconds (JVM running for 3.423)
2023-04-30 19:24:07,074 INFO org.apache.juli.logging.DirectJDKLog [http-nio-8081-exec-1] Initializing Spring DispatcherServlet 'dispatcherServlet'
2023-04-30 19:24:09,297 INFO com.svalero.library.controller.BookController [http-nio-8081-exec-3] GET Books
2023-04-30 19:24:28,522 INFO com.svalero.library.controller.BookController [http-nio-8081-exec-7] GET Books
2023-04-30 19:24:30,363 INFO com.svalero.library.controller.BookController [http-nio-8081-exec-8] GET Book
2023-04-30 19:24:30,366 INFO com.svalero.library.service.BookServiceImpl [http-nio-8081-exec-8] Book id: 193
2023-04-30 19:24:30,373 INFO com.svalero.library.controller.BookController [http-nio-8081-exec-8] END GET Book
2023-04-30 19:24:32,762 INFO com.svalero.library.controller.BookController [http-nio-8081-exec-7] GET Books
2023-04-30 19:24:33,534 INFO com.svalero.library.controller.BookController [http-nio-8081-exec-8] GET Book
2023-04-30 19:24:33,535 INFO com.svalero.library.service.BookServiceImpl [http-nio-8081-exec-8] Book id: 161
2023-04-30 19:24:33,537 INFO com.svalero.library.controller.BookController [http-nio-8081-exec-8] END GET Book
