2023-01-06 00:12:35,870 INFO org.springframework.boot.StartupInfoLogger [main] Starting LibraryApplication using Java 17.0.3 on DESKTOP-BB9277T with PID 18260 (C:\Users\javi_\IdeaProjects\Library\target\classes started by javi_ in C:\Users\javi_\IdeaProjects\Library)
2023-01-06 00:12:35,873 INFO org.springframework.boot.SpringApplication [main] No active profile set, falling back to 1 default profile: "default"
2023-01-06 00:12:36,551 INFO org.apache.juli.logging.DirectJDKLog [main] Initializing ProtocolHandler ["http-nio-8081"]
2023-01-06 00:12:36,551 INFO org.apache.juli.logging.DirectJDKLog [main] Starting service [Tomcat]
2023-01-06 00:12:36,552 INFO org.apache.juli.logging.DirectJDKLog [main] Starting Servlet engine: [Apache Tomcat/9.0.65]
2023-01-06 00:12:36,617 INFO org.apache.juli.logging.DirectJDKLog [main] Initializing Spring embedded WebApplicationContext
2023-01-06 00:12:36,862 INFO com.zaxxer.hikari.HikariDataSource [main] HikariPool-1 - Starting...
2023-01-06 00:12:37,013 INFO com.zaxxer.hikari.HikariDataSource [main] HikariPool-1 - Start completed.
2023-01-06 00:12:37,611 WARN org.springframework.context.support.AbstractApplicationContext [main] Exception encountered during context initialization - cancelling refresh attempt: org.springframework.beans.factory.UnsatisfiedDependencyException: Error creating bean with name 'bookController': Unsatisfied dependency expressed through field 'bookService'; nested exception is org.springframework.beans.factory.UnsatisfiedDependencyException: Error creating bean with name 'bookServiceImpl': Unsatisfied dependency expressed through field 'bookRepository'; nested exception is org.springframework.beans.factory.BeanCreationException: Error creating bean with name 'bookRepository' defined in com.svalero.library.repository.BookRepository defined in @EnableJpaRepositories declared on JpaRepositoriesRegistrar.EnableJpaRepositoriesConfiguration: Invocation of init method failed; nested exception is org.springframework.data.repository.query.QueryCreationException: Could not create query for public abstract java.util.List com.svalero.library.repository.BookRepository.findByTitle(); Reason: Failed to create query for method public abstract java.util.List com.svalero.library.repository.BookRepository.findByTitle()! Method public abstract java.util.List com.svalero.library.repository.BookRepository.findByTitle() expects at least 1 arguments but only found 0. This leaves an operator of type SIMPLE_PROPERTY for property title unbound.; nested exception is java.lang.IllegalArgumentException: Failed to create query for method public abstract java.util.List com.svalero.library.repository.BookRepository.findByTitle()! Method public abstract java.util.List com.svalero.library.repository.BookRepository.findByTitle() expects at least 1 arguments but only found 0. This leaves an operator of type SIMPLE_PROPERTY for property title unbound.
2023-01-06 00:12:37,613 INFO com.zaxxer.hikari.HikariDataSource [main] HikariPool-1 - Shutdown initiated...
2023-01-06 00:12:38,046 INFO com.zaxxer.hikari.HikariDataSource [main] HikariPool-1 - Shutdown completed.
2023-01-06 00:12:38,047 INFO org.apache.juli.logging.DirectJDKLog [main] Stopping service [Tomcat]
2023-01-06 00:12:38,064 ERROR org.springframework.boot.SpringApplication [main] Application run failed
org.springframework.beans.factory.UnsatisfiedDependencyException: Error creating bean with name 'bookController': Unsatisfied dependency expressed through field 'bookService'; nested exception is org.springframework.beans.factory.UnsatisfiedDependencyException: Error creating bean with name 'bookServiceImpl': Unsatisfied dependency expressed through field 'bookRepository'; nested exception is org.springframework.beans.factory.BeanCreationException: Error creating bean with name 'bookRepository' defined in com.svalero.library.repository.BookRepository defined in @EnableJpaRepositories declared on JpaRepositoriesRegistrar.EnableJpaRepositoriesConfiguration: Invocation of init method failed; nested exception is org.springframework.data.repository.query.QueryCreationException: Could not create query for public abstract java.util.List com.svalero.library.repository.BookRepository.findByTitle(); Reason: Failed to create query for method public abstract java.util.List com.svalero.library.repository.BookRepository.findByTitle()! Method public abstract java.util.List com.svalero.library.repository.BookRepository.findByTitle() expects at least 1 arguments but only found 0. This leaves an operator of type SIMPLE_PROPERTY for property title unbound.; nested exception is java.lang.IllegalArgumentException: Failed to create query for method public abstract java.util.List com.svalero.library.repository.BookRepository.findByTitle()! Method public abstract java.util.List com.svalero.library.repository.BookRepository.findByTitle() expects at least 1 arguments but only found 0. This leaves an operator of type SIMPLE_PROPERTY for property title unbound.
	at org.springframework.beans.factory.annotation.AutowiredAnnotationBeanPostProcessor$AutowiredFieldElement.resolveFieldValue(AutowiredAnnotationBeanPostProcessor.java:659)
	at org.springframework.beans.factory.annotation.AutowiredAnnotationBeanPostProcessor$AutowiredFieldElement.inject(AutowiredAnnotationBeanPostProcessor.java:639)
	at org.springframework.beans.factory.annotation.InjectionMetadata.inject(InjectionMetadata.java:119)
	at org.springframework.beans.factory.annotation.AutowiredAnnotationBeanPostProcessor.postProcessProperties(AutowiredAnnotationBeanPostProcessor.java:399)
	at org.springframework.beans.factory.support.AbstractAutowireCapableBeanFactory.populateBean(AbstractAutowireCapableBeanFactory.java:1431)
	at org.springframework.beans.factory.support.AbstractAutowireCapableBeanFactory.doCreateBean(AbstractAutowireCapableBeanFactory.java:619)
	at org.springframework.beans.factory.support.AbstractAutowireCapableBeanFactory.createBean(AbstractAutowireCapableBeanFactory.java:542)
	at org.springframework.beans.factory.support.AbstractBeanFactory.lambda$doGetBean$0(AbstractBeanFactory.java:335)
	at org.springframework.beans.factory.support.DefaultSingletonBeanRegistry.getSingleton(DefaultSingletonBeanRegistry.java:234)
	at org.springframework.beans.factory.support.AbstractBeanFactory.doGetBean(AbstractBeanFactory.java:333)
	at org.springframework.beans.factory.support.AbstractBeanFactory.getBean(AbstractBeanFactory.java:208)
	at org.springframework.beans.factory.support.DefaultListableBeanFactory.preInstantiateSingletons(DefaultListableBeanFactory.java:955)
	at org.springframework.context.support.AbstractApplicationContext.finishBeanFactoryInitialization(AbstractApplicationContext.java:918)
	at org.springframework.context.support.AbstractApplicationContext.refresh(AbstractApplicationContext.java:583)
	at org.springframework.boot.web.servlet.context.ServletWebServerApplicationContext.refresh(ServletWebServerApplicationContext.java:147)
	at org.springframework.boot.SpringApplication.refresh(SpringApplication.java:734)
	at org.springframework.boot.SpringApplication.refreshContext(SpringApplication.java:408)
	at org.springframework.boot.SpringApplication.run(SpringApplication.java:308)
	at org.springframework.boot.SpringApplication.run(SpringApplication.java:1306)
	at org.springframework.boot.SpringApplication.run(SpringApplication.java:1295)
	at com.svalero.library.LibraryApplication.main(LibraryApplication.java:10)
Caused by: org.springframework.beans.factory.UnsatisfiedDependencyException: Error creating bean with name 'bookServiceImpl': Unsatisfied dependency expressed through field 'bookRepository'; nested exception is org.springframework.beans.factory.BeanCreationException: Error creating bean with name 'bookRepository' defined in com.svalero.library.repository.BookRepository defined in @EnableJpaRepositories declared on JpaRepositoriesRegistrar.EnableJpaRepositoriesConfiguration: Invocation of init method failed; nested exception is org.springframework.data.repository.query.QueryCreationException: Could not create query for public abstract java.util.List com.svalero.library.repository.BookRepository.findByTitle(); Reason: Failed to create query for method public abstract java.util.List com.svalero.library.repository.BookRepository.findByTitle()! Method public abstract java.util.List com.svalero.library.repository.BookRepository.findByTitle() expects at least 1 arguments but only found 0. This leaves an operator of type SIMPLE_PROPERTY for property title unbound.; nested exception is java.lang.IllegalArgumentException: Failed to create query for method public abstract java.util.List com.svalero.library.repository.BookRepository.findByTitle()! Method public abstract java.util.List com.svalero.library.repository.BookRepository.findByTitle() expects at least 1 arguments but only found 0. This leaves an operator of type SIMPLE_PROPERTY for property title unbound.
	at org.springframework.beans.factory.annotation.AutowiredAnnotationBeanPostProcessor$AutowiredFieldElement.resolveFieldValue(AutowiredAnnotationBeanPostProcessor.java:659)
	at org.springframework.beans.factory.annotation.AutowiredAnnotationBeanPostProcessor$AutowiredFieldElement.inject(AutowiredAnnotationBeanPostProcessor.java:639)
	at org.springframework.beans.factory.annotation.InjectionMetadata.inject(InjectionMetadata.java:119)
	at org.springframework.beans.factory.annotation.AutowiredAnnotationBeanPostProcessor.postProcessProperties(AutowiredAnnotationBeanPostProcessor.java:399)
	at org.springframework.beans.factory.support.AbstractAutowireCapableBeanFactory.populateBean(AbstractAutowireCapableBeanFactory.java:1431)
	at org.springframework.beans.factory.support.AbstractAutowireCapableBeanFactory.doCreateBean(AbstractAutowireCapableBeanFactory.java:619)
	at org.springframework.beans.factory.support.AbstractAutowireCapableBeanFactory.createBean(AbstractAutowireCapableBeanFactory.java:542)
	at org.springframework.beans.factory.support.AbstractBeanFactory.lambda$doGetBean$0(AbstractBeanFactory.java:335)
	at org.springframework.beans.factory.support.DefaultSingletonBeanRegistry.getSingleton(DefaultSingletonBeanRegistry.java:234)
	at org.springframework.beans.factory.support.AbstractBeanFactory.doGetBean(AbstractBeanFactory.java:333)
	at org.springframework.beans.factory.support.AbstractBeanFactory.getBean(AbstractBeanFactory.java:208)
	at org.springframework.beans.factory.config.DependencyDescriptor.resolveCandidate(DependencyDescriptor.java:276)
	at org.springframework.beans.factory.support.DefaultListableBeanFactory.doResolveDependency(DefaultListableBeanFactory.java:1391)
	at org.springframework.beans.factory.support.DefaultListableBeanFactory.resolveDependency(DefaultListableBeanFactory.java:1311)
	at org.springframework.beans.factory.annotation.AutowiredAnnotationBeanPostProcessor$AutowiredFieldElement.resolveFieldValue(AutowiredAnnotationBeanPostProcessor.java:656)
	... 20 common frames omitted
Caused by: org.springframework.beans.factory.BeanCreationException: Error creating bean with name 'bookRepository' defined in com.svalero.library.repository.BookRepository defined in @EnableJpaRepositories declared on JpaRepositoriesRegistrar.EnableJpaRepositoriesConfiguration: Invocation of init method failed; nested exception is org.springframework.data.repository.query.QueryCreationException: Could not create query for public abstract java.util.List com.svalero.library.repository.BookRepository.findByTitle(); Reason: Failed to create query for method public abstract java.util.List com.svalero.library.repository.BookRepository.findByTitle()! Method public abstract java.util.List com.svalero.library.repository.BookRepository.findByTitle() expects at least 1 arguments but only found 0. This leaves an operator of type SIMPLE_PROPERTY for property title unbound.; nested exception is java.lang.IllegalArgumentException: Failed to create query for method public abstract java.util.List com.svalero.library.repository.BookRepository.findByTitle()! Method public abstract java.util.List com.svalero.library.repository.BookRepository.findByTitle() expects at least 1 arguments but only found 0. This leaves an operator of type SIMPLE_PROPERTY for property title unbound.
	at org.springframework.beans.factory.support.AbstractAutowireCapableBeanFactory.initializeBean(AbstractAutowireCapableBeanFactory.java:1804)
	at org.springframework.beans.factory.support.AbstractAutowireCapableBeanFactory.doCreateBean(AbstractAutowireCapableBeanFactory.java:620)
	at org.springframework.beans.factory.support.AbstractAutowireCapableBeanFactory.createBean(AbstractAutowireCapableBeanFactory.java:542)
	at org.springframework.beans.factory.support.AbstractBeanFactory.lambda$doGetBean$0(AbstractBeanFactory.java:335)
	at org.springframework.beans.factory.support.DefaultSingletonBeanRegistry.getSingleton(DefaultSingletonBeanRegistry.java:234)
	at org.springframework.beans.factory.support.AbstractBeanFactory.doGetBean(AbstractBeanFactory.java:333)
	at org.springframework.beans.factory.support.AbstractBeanFactory.getBean(AbstractBeanFactory.java:208)
	at org.springframework.beans.factory.config.DependencyDescriptor.resolveCandidate(DependencyDescriptor.java:276)
	at org.springframework.beans.factory.support.DefaultListableBeanFactory.doResolveDependency(DefaultListableBeanFactory.java:1391)
	at org.springframework.beans.factory.support.DefaultListableBeanFactory.resolveDependency(DefaultListableBeanFactory.java:1311)
	at org.springframework.beans.factory.annotation.AutowiredAnnotationBeanPostProcessor$AutowiredFieldElement.resolveFieldValue(AutowiredAnnotationBeanPostProcessor.java:656)
	... 34 common frames omitted
Caused by: org.springframework.data.repository.query.QueryCreationException: Could not create query for public abstract java.util.List com.svalero.library.repository.BookRepository.findByTitle(); Reason: Failed to create query for method public abstract java.util.List com.svalero.library.repository.BookRepository.findByTitle()! Method public abstract java.util.List com.svalero.library.repository.BookRepository.findByTitle() expects at least 1 arguments but only found 0. This leaves an operator of type SIMPLE_PROPERTY for property title unbound.; nested exception is java.lang.IllegalArgumentException: Failed to create query for method public abstract java.util.List com.svalero.library.repository.BookRepository.findByTitle()! Method public abstract java.util.List com.svalero.library.repository.BookRepository.findByTitle() expects at least 1 arguments but only found 0. This leaves an operator of type SIMPLE_PROPERTY for property title unbound.
	at org.springframework.data.repository.query.QueryCreationException.create(QueryCreationException.java:101)
	at org.springframework.data.repository.core.support.QueryExecutorMethodInterceptor.lookupQuery(QueryExecutorMethodInterceptor.java:107)
	at org.springframework.data.repository.core.support.QueryExecutorMethodInterceptor.lambda$mapMethodsToQuery$1(QueryExecutorMethodInterceptor.java:95)
	at java.base/java.util.stream.ReferencePipeline$3$1.accept(ReferencePipeline.java:197)
	at java.base/java.util.Iterator.forEachRemaining(Iterator.java:133)
	at java.base/java.util.Collections$UnmodifiableCollection$1.forEachRemaining(Collections.java:1061)
	at java.base/java.util.Spliterators$IteratorSpliterator.forEachRemaining(Spliterators.java:1845)
	at java.base/java.util.stream.AbstractPipeline.copyInto(AbstractPipeline.java:509)
	at java.base/java.util.stream.AbstractPipeline.wrapAndCopyInto(AbstractPipeline.java:499)
	at java.base/java.util.stream.ReduceOps$ReduceOp.evaluateSequential(ReduceOps.java:921)
	at java.base/java.util.stream.AbstractPipeline.evaluate(AbstractPipeline.java:234)
	at java.base/java.util.stream.ReferencePipeline.collect(ReferencePipeline.java:682)
	at org.springframework.data.repository.core.support.QueryExecutorMethodInterceptor.mapMethodsToQuery(QueryExecutorMethodInterceptor.java:97)
	at org.springframework.data.repository.core.support.QueryExecutorMethodInterceptor.lambda$new$0(QueryExecutorMethodInterceptor.java:87)
	at java.base/java.util.Optional.map(Optional.java:260)
	at org.springframework.data.repository.core.support.QueryExecutorMethodInterceptor.<init>(QueryExecutorMethodInterceptor.java:87)
	at org.springframework.data.repository.core.support.RepositoryFactorySupport.getRepository(RepositoryFactorySupport.java:365)
	at org.springframework.data.repository.core.support.RepositoryFactoryBeanSupport.lambda$afterPropertiesSet$5(RepositoryFactoryBeanSupport.java:323)
	at org.springframework.data.util.Lazy.getNullable(Lazy.java:231)
	at org.springframework.data.util.Lazy.get(Lazy.java:115)
	at org.springframework.data.repository.core.support.RepositoryFactoryBeanSupport.afterPropertiesSet(RepositoryFactoryBeanSupport.java:329)
	at org.springframework.data.jpa.repository.support.JpaRepositoryFactoryBean.afterPropertiesSet(JpaRepositoryFactoryBean.java:144)
	at org.springframework.beans.factory.support.AbstractAutowireCapableBeanFactory.invokeInitMethods(AbstractAutowireCapableBeanFactory.java:1863)
	at org.springframework.beans.factory.support.AbstractAutowireCapableBeanFactory.initializeBean(AbstractAutowireCapableBeanFactory.java:1800)
	... 44 common frames omitted
Caused by: java.lang.IllegalArgumentException: Failed to create query for method public abstract java.util.List com.svalero.library.repository.BookRepository.findByTitle()! Method public abstract java.util.List com.svalero.library.repository.BookRepository.findByTitle() expects at least 1 arguments but only found 0. This leaves an operator of type SIMPLE_PROPERTY for property title unbound.
	at org.springframework.data.jpa.repository.query.PartTreeJpaQuery.<init>(PartTreeJpaQuery.java:96)
	at org.springframework.data.jpa.repository.query.JpaQueryLookupStrategy$CreateQueryLookupStrategy.resolveQuery(JpaQueryLookupStrategy.java:119)
	at org.springframework.data.jpa.repository.query.JpaQueryLookupStrategy$CreateIfNotFoundQueryLookupStrategy.resolveQuery(JpaQueryLookupStrategy.java:259)
	at org.springframework.data.jpa.repository.query.JpaQueryLookupStrategy$AbstractQueryLookupStrategy.resolveQuery(JpaQueryLookupStrategy.java:93)
	at org.springframework.data.repository.core.support.QueryExecutorMethodInterceptor.lookupQuery(QueryExecutorMethodInterceptor.java:103)
	... 66 common frames omitted
Caused by: java.lang.IllegalStateException: Method public abstract java.util.List com.svalero.library.repository.BookRepository.findByTitle() expects at least 1 arguments but only found 0. This leaves an operator of type SIMPLE_PROPERTY for property title unbound.
	at org.springframework.data.jpa.repository.query.PartTreeJpaQuery.throwExceptionOnArgumentMismatch(PartTreeJpaQuery.java:161)
	at org.springframework.data.jpa.repository.query.PartTreeJpaQuery.validate(PartTreeJpaQuery.java:147)
	at org.springframework.data.jpa.repository.query.PartTreeJpaQuery.<init>(PartTreeJpaQuery.java:90)
	... 70 common frames omitted
2023-01-06 00:12:45,210 INFO org.springframework.boot.StartupInfoLogger [main] Starting LibraryApplication using Java 17.0.3 on DESKTOP-BB9277T with PID 5296 (C:\Users\javi_\IdeaProjects\Library\target\classes started by javi_ in C:\Users\javi_\IdeaProjects\Library)
2023-01-06 00:12:45,212 INFO org.springframework.boot.SpringApplication [main] No active profile set, falling back to 1 default profile: "default"
2023-01-06 00:12:45,869 INFO org.apache.juli.logging.DirectJDKLog [main] Initializing ProtocolHandler ["http-nio-8081"]
2023-01-06 00:12:45,870 INFO org.apache.juli.logging.DirectJDKLog [main] Starting service [Tomcat]
2023-01-06 00:12:45,870 INFO org.apache.juli.logging.DirectJDKLog [main] Starting Servlet engine: [Apache Tomcat/9.0.65]
2023-01-06 00:12:45,931 INFO org.apache.juli.logging.DirectJDKLog [main] Initializing Spring embedded WebApplicationContext
2023-01-06 00:12:46,169 INFO com.zaxxer.hikari.HikariDataSource [main] HikariPool-1 - Starting...
2023-01-06 00:12:46,297 INFO com.zaxxer.hikari.HikariDataSource [main] HikariPool-1 - Start completed.
2023-01-06 00:12:46,905 WARN org.springframework.context.support.AbstractApplicationContext [main] Exception encountered during context initialization - cancelling refresh attempt: org.springframework.beans.factory.UnsatisfiedDependencyException: Error creating bean with name 'bookController': Unsatisfied dependency expressed through field 'bookService'; nested exception is org.springframework.beans.factory.UnsatisfiedDependencyException: Error creating bean with name 'bookServiceImpl': Unsatisfied dependency expressed through field 'bookRepository'; nested exception is org.springframework.beans.factory.BeanCreationException: Error creating bean with name 'bookRepository' defined in com.svalero.library.repository.BookRepository defined in @EnableJpaRepositories declared on JpaRepositoriesRegistrar.EnableJpaRepositoriesConfiguration: Invocation of init method failed; nested exception is org.springframework.data.repository.query.QueryCreationException: Could not create query for public abstract java.util.List com.svalero.library.repository.BookRepository.findByTitle(); Reason: Failed to create query for method public abstract java.util.List com.svalero.library.repository.BookRepository.findByTitle()! Method public abstract java.util.List com.svalero.library.repository.BookRepository.findByTitle() expects at least 1 arguments but only found 0. This leaves an operator of type SIMPLE_PROPERTY for property title unbound.; nested exception is java.lang.IllegalArgumentException: Failed to create query for method public abstract java.util.List com.svalero.library.repository.BookRepository.findByTitle()! Method public abstract java.util.List com.svalero.library.repository.BookRepository.findByTitle() expects at least 1 arguments but only found 0. This leaves an operator of type SIMPLE_PROPERTY for property title unbound.
2023-01-06 00:12:46,907 INFO com.zaxxer.hikari.HikariDataSource [main] HikariPool-1 - Shutdown initiated...
2023-01-06 00:12:46,960 INFO com.zaxxer.hikari.HikariDataSource [main] HikariPool-1 - Shutdown completed.
2023-01-06 00:12:46,962 INFO org.apache.juli.logging.DirectJDKLog [main] Stopping service [Tomcat]
2023-01-06 00:12:46,978 ERROR org.springframework.boot.SpringApplication [main] Application run failed
org.springframework.beans.factory.UnsatisfiedDependencyException: Error creating bean with name 'bookController': Unsatisfied dependency expressed through field 'bookService'; nested exception is org.springframework.beans.factory.UnsatisfiedDependencyException: Error creating bean with name 'bookServiceImpl': Unsatisfied dependency expressed through field 'bookRepository'; nested exception is org.springframework.beans.factory.BeanCreationException: Error creating bean with name 'bookRepository' defined in com.svalero.library.repository.BookRepository defined in @EnableJpaRepositories declared on JpaRepositoriesRegistrar.EnableJpaRepositoriesConfiguration: Invocation of init method failed; nested exception is org.springframework.data.repository.query.QueryCreationException: Could not create query for public abstract java.util.List com.svalero.library.repository.BookRepository.findByTitle(); Reason: Failed to create query for method public abstract java.util.List com.svalero.library.repository.BookRepository.findByTitle()! Method public abstract java.util.List com.svalero.library.repository.BookRepository.findByTitle() expects at least 1 arguments but only found 0. This leaves an operator of type SIMPLE_PROPERTY for property title unbound.; nested exception is java.lang.IllegalArgumentException: Failed to create query for method public abstract java.util.List com.svalero.library.repository.BookRepository.findByTitle()! Method public abstract java.util.List com.svalero.library.repository.BookRepository.findByTitle() expects at least 1 arguments but only found 0. This leaves an operator of type SIMPLE_PROPERTY for property title unbound.
	at org.springframework.beans.factory.annotation.AutowiredAnnotationBeanPostProcessor$AutowiredFieldElement.resolveFieldValue(AutowiredAnnotationBeanPostProcessor.java:659)
	at org.springframework.beans.factory.annotation.AutowiredAnnotationBeanPostProcessor$AutowiredFieldElement.inject(AutowiredAnnotationBeanPostProcessor.java:639)
	at org.springframework.beans.factory.annotation.InjectionMetadata.inject(InjectionMetadata.java:119)
	at org.springframework.beans.factory.annotation.AutowiredAnnotationBeanPostProcessor.postProcessProperties(AutowiredAnnotationBeanPostProcessor.java:399)
	at org.springframework.beans.factory.support.AbstractAutowireCapableBeanFactory.populateBean(AbstractAutowireCapableBeanFactory.java:1431)
	at org.springframework.beans.factory.support.AbstractAutowireCapableBeanFactory.doCreateBean(AbstractAutowireCapableBeanFactory.java:619)
	at org.springframework.beans.factory.support.AbstractAutowireCapableBeanFactory.createBean(AbstractAutowireCapableBeanFactory.java:542)
	at org.springframework.beans.factory.support.AbstractBeanFactory.lambda$doGetBean$0(AbstractBeanFactory.java:335)
	at org.springframework.beans.factory.support.DefaultSingletonBeanRegistry.getSingleton(DefaultSingletonBeanRegistry.java:234)
	at org.springframework.beans.factory.support.AbstractBeanFactory.doGetBean(AbstractBeanFactory.java:333)
	at org.springframework.beans.factory.support.AbstractBeanFactory.getBean(AbstractBeanFactory.java:208)
	at org.springframework.beans.factory.support.DefaultListableBeanFactory.preInstantiateSingletons(DefaultListableBeanFactory.java:955)
	at org.springframework.context.support.AbstractApplicationContext.finishBeanFactoryInitialization(AbstractApplicationContext.java:918)
	at org.springframework.context.support.AbstractApplicationContext.refresh(AbstractApplicationContext.java:583)
	at org.springframework.boot.web.servlet.context.ServletWebServerApplicationContext.refresh(ServletWebServerApplicationContext.java:147)
	at org.springframework.boot.SpringApplication.refresh(SpringApplication.java:734)
	at org.springframework.boot.SpringApplication.refreshContext(SpringApplication.java:408)
	at org.springframework.boot.SpringApplication.run(SpringApplication.java:308)
	at org.springframework.boot.SpringApplication.run(SpringApplication.java:1306)
	at org.springframework.boot.SpringApplication.run(SpringApplication.java:1295)
	at com.svalero.library.LibraryApplication.main(LibraryApplication.java:10)
Caused by: org.springframework.beans.factory.UnsatisfiedDependencyException: Error creating bean with name 'bookServiceImpl': Unsatisfied dependency expressed through field 'bookRepository'; nested exception is org.springframework.beans.factory.BeanCreationException: Error creating bean with name 'bookRepository' defined in com.svalero.library.repository.BookRepository defined in @EnableJpaRepositories declared on JpaRepositoriesRegistrar.EnableJpaRepositoriesConfiguration: Invocation of init method failed; nested exception is org.springframework.data.repository.query.QueryCreationException: Could not create query for public abstract java.util.List com.svalero.library.repository.BookRepository.findByTitle(); Reason: Failed to create query for method public abstract java.util.List com.svalero.library.repository.BookRepository.findByTitle()! Method public abstract java.util.List com.svalero.library.repository.BookRepository.findByTitle() expects at least 1 arguments but only found 0. This leaves an operator of type SIMPLE_PROPERTY for property title unbound.; nested exception is java.lang.IllegalArgumentException: Failed to create query for method public abstract java.util.List com.svalero.library.repository.BookRepository.findByTitle()! Method public abstract java.util.List com.svalero.library.repository.BookRepository.findByTitle() expects at least 1 arguments but only found 0. This leaves an operator of type SIMPLE_PROPERTY for property title unbound.
	at org.springframework.beans.factory.annotation.AutowiredAnnotationBeanPostProcessor$AutowiredFieldElement.resolveFieldValue(AutowiredAnnotationBeanPostProcessor.java:659)
	at org.springframework.beans.factory.annotation.AutowiredAnnotationBeanPostProcessor$AutowiredFieldElement.inject(AutowiredAnnotationBeanPostProcessor.java:639)
	at org.springframework.beans.factory.annotation.InjectionMetadata.inject(InjectionMetadata.java:119)
	at org.springframework.beans.factory.annotation.AutowiredAnnotationBeanPostProcessor.postProcessProperties(AutowiredAnnotationBeanPostProcessor.java:399)
	at org.springframework.beans.factory.support.AbstractAutowireCapableBeanFactory.populateBean(AbstractAutowireCapableBeanFactory.java:1431)
	at org.springframework.beans.factory.support.AbstractAutowireCapableBeanFactory.doCreateBean(AbstractAutowireCapableBeanFactory.java:619)
	at org.springframework.beans.factory.support.AbstractAutowireCapableBeanFactory.createBean(AbstractAutowireCapableBeanFactory.java:542)
	at org.springframework.beans.factory.support.AbstractBeanFactory.lambda$doGetBean$0(AbstractBeanFactory.java:335)
	at org.springframework.beans.factory.support.DefaultSingletonBeanRegistry.getSingleton(DefaultSingletonBeanRegistry.java:234)
	at org.springframework.beans.factory.support.AbstractBeanFactory.doGetBean(AbstractBeanFactory.java:333)
	at org.springframework.beans.factory.support.AbstractBeanFactory.getBean(AbstractBeanFactory.java:208)
	at org.springframework.beans.factory.config.DependencyDescriptor.resolveCandidate(DependencyDescriptor.java:276)
	at org.springframework.beans.factory.support.DefaultListableBeanFactory.doResolveDependency(DefaultListableBeanFactory.java:1391)
	at org.springframework.beans.factory.support.DefaultListableBeanFactory.resolveDependency(DefaultListableBeanFactory.java:1311)
	at org.springframework.beans.factory.annotation.AutowiredAnnotationBeanPostProcessor$AutowiredFieldElement.resolveFieldValue(AutowiredAnnotationBeanPostProcessor.java:656)
	... 20 common frames omitted
Caused by: org.springframework.beans.factory.BeanCreationException: Error creating bean with name 'bookRepository' defined in com.svalero.library.repository.BookRepository defined in @EnableJpaRepositories declared on JpaRepositoriesRegistrar.EnableJpaRepositoriesConfiguration: Invocation of init method failed; nested exception is org.springframework.data.repository.query.QueryCreationException: Could not create query for public abstract java.util.List com.svalero.library.repository.BookRepository.findByTitle(); Reason: Failed to create query for method public abstract java.util.List com.svalero.library.repository.BookRepository.findByTitle()! Method public abstract java.util.List com.svalero.library.repository.BookRepository.findByTitle() expects at least 1 arguments but only found 0. This leaves an operator of type SIMPLE_PROPERTY for property title unbound.; nested exception is java.lang.IllegalArgumentException: Failed to create query for method public abstract java.util.List com.svalero.library.repository.BookRepository.findByTitle()! Method public abstract java.util.List com.svalero.library.repository.BookRepository.findByTitle() expects at least 1 arguments but only found 0. This leaves an operator of type SIMPLE_PROPERTY for property title unbound.
	at org.springframework.beans.factory.support.AbstractAutowireCapableBeanFactory.initializeBean(AbstractAutowireCapableBeanFactory.java:1804)
	at org.springframework.beans.factory.support.AbstractAutowireCapableBeanFactory.doCreateBean(AbstractAutowireCapableBeanFactory.java:620)
	at org.springframework.beans.factory.support.AbstractAutowireCapableBeanFactory.createBean(AbstractAutowireCapableBeanFactory.java:542)
	at org.springframework.beans.factory.support.AbstractBeanFactory.lambda$doGetBean$0(AbstractBeanFactory.java:335)
	at org.springframework.beans.factory.support.DefaultSingletonBeanRegistry.getSingleton(DefaultSingletonBeanRegistry.java:234)
	at org.springframework.beans.factory.support.AbstractBeanFactory.doGetBean(AbstractBeanFactory.java:333)
	at org.springframework.beans.factory.support.AbstractBeanFactory.getBean(AbstractBeanFactory.java:208)
	at org.springframework.beans.factory.config.DependencyDescriptor.resolveCandidate(DependencyDescriptor.java:276)
	at org.springframework.beans.factory.support.DefaultListableBeanFactory.doResolveDependency(DefaultListableBeanFactory.java:1391)
	at org.springframework.beans.factory.support.DefaultListableBeanFactory.resolveDependency(DefaultListableBeanFactory.java:1311)
	at org.springframework.beans.factory.annotation.AutowiredAnnotationBeanPostProcessor$AutowiredFieldElement.resolveFieldValue(AutowiredAnnotationBeanPostProcessor.java:656)
	... 34 common frames omitted
Caused by: org.springframework.data.repository.query.QueryCreationException: Could not create query for public abstract java.util.List com.svalero.library.repository.BookRepository.findByTitle(); Reason: Failed to create query for method public abstract java.util.List com.svalero.library.repository.BookRepository.findByTitle()! Method public abstract java.util.List com.svalero.library.repository.BookRepository.findByTitle() expects at least 1 arguments but only found 0. This leaves an operator of type SIMPLE_PROPERTY for property title unbound.; nested exception is java.lang.IllegalArgumentException: Failed to create query for method public abstract java.util.List com.svalero.library.repository.BookRepository.findByTitle()! Method public abstract java.util.List com.svalero.library.repository.BookRepository.findByTitle() expects at least 1 arguments but only found 0. This leaves an operator of type SIMPLE_PROPERTY for property title unbound.
	at org.springframework.data.repository.query.QueryCreationException.create(QueryCreationException.java:101)
	at org.springframework.data.repository.core.support.QueryExecutorMethodInterceptor.lookupQuery(QueryExecutorMethodInterceptor.java:107)
	at org.springframework.data.repository.core.support.QueryExecutorMethodInterceptor.lambda$mapMethodsToQuery$1(QueryExecutorMethodInterceptor.java:95)
	at java.base/java.util.stream.ReferencePipeline$3$1.accept(ReferencePipeline.java:197)
	at java.base/java.util.Iterator.forEachRemaining(Iterator.java:133)
	at java.base/java.util.Collections$UnmodifiableCollection$1.forEachRemaining(Collections.java:1061)
	at java.base/java.util.Spliterators$IteratorSpliterator.forEachRemaining(Spliterators.java:1845)
	at java.base/java.util.stream.AbstractPipeline.copyInto(AbstractPipeline.java:509)
	at java.base/java.util.stream.AbstractPipeline.wrapAndCopyInto(AbstractPipeline.java:499)
	at java.base/java.util.stream.ReduceOps$ReduceOp.evaluateSequential(ReduceOps.java:921)
	at java.base/java.util.stream.AbstractPipeline.evaluate(AbstractPipeline.java:234)
	at java.base/java.util.stream.ReferencePipeline.collect(ReferencePipeline.java:682)
	at org.springframework.data.repository.core.support.QueryExecutorMethodInterceptor.mapMethodsToQuery(QueryExecutorMethodInterceptor.java:97)
	at org.springframework.data.repository.core.support.QueryExecutorMethodInterceptor.lambda$new$0(QueryExecutorMethodInterceptor.java:87)
	at java.base/java.util.Optional.map(Optional.java:260)
	at org.springframework.data.repository.core.support.QueryExecutorMethodInterceptor.<init>(QueryExecutorMethodInterceptor.java:87)
	at org.springframework.data.repository.core.support.RepositoryFactorySupport.getRepository(RepositoryFactorySupport.java:365)
	at org.springframework.data.repository.core.support.RepositoryFactoryBeanSupport.lambda$afterPropertiesSet$5(RepositoryFactoryBeanSupport.java:323)
	at org.springframework.data.util.Lazy.getNullable(Lazy.java:231)
	at org.springframework.data.util.Lazy.get(Lazy.java:115)
	at org.springframework.data.repository.core.support.RepositoryFactoryBeanSupport.afterPropertiesSet(RepositoryFactoryBeanSupport.java:329)
	at org.springframework.data.jpa.repository.support.JpaRepositoryFactoryBean.afterPropertiesSet(JpaRepositoryFactoryBean.java:144)
	at org.springframework.beans.factory.support.AbstractAutowireCapableBeanFactory.invokeInitMethods(AbstractAutowireCapableBeanFactory.java:1863)
	at org.springframework.beans.factory.support.AbstractAutowireCapableBeanFactory.initializeBean(AbstractAutowireCapableBeanFactory.java:1800)
	... 44 common frames omitted
Caused by: java.lang.IllegalArgumentException: Failed to create query for method public abstract java.util.List com.svalero.library.repository.BookRepository.findByTitle()! Method public abstract java.util.List com.svalero.library.repository.BookRepository.findByTitle() expects at least 1 arguments but only found 0. This leaves an operator of type SIMPLE_PROPERTY for property title unbound.
	at org.springframework.data.jpa.repository.query.PartTreeJpaQuery.<init>(PartTreeJpaQuery.java:96)
	at org.springframework.data.jpa.repository.query.JpaQueryLookupStrategy$CreateQueryLookupStrategy.resolveQuery(JpaQueryLookupStrategy.java:119)
	at org.springframework.data.jpa.repository.query.JpaQueryLookupStrategy$CreateIfNotFoundQueryLookupStrategy.resolveQuery(JpaQueryLookupStrategy.java:259)
	at org.springframework.data.jpa.repository.query.JpaQueryLookupStrategy$AbstractQueryLookupStrategy.resolveQuery(JpaQueryLookupStrategy.java:93)
	at org.springframework.data.repository.core.support.QueryExecutorMethodInterceptor.lookupQuery(QueryExecutorMethodInterceptor.java:103)
	... 66 common frames omitted
Caused by: java.lang.IllegalStateException: Method public abstract java.util.List com.svalero.library.repository.BookRepository.findByTitle() expects at least 1 arguments but only found 0. This leaves an operator of type SIMPLE_PROPERTY for property title unbound.
	at org.springframework.data.jpa.repository.query.PartTreeJpaQuery.throwExceptionOnArgumentMismatch(PartTreeJpaQuery.java:161)
	at org.springframework.data.jpa.repository.query.PartTreeJpaQuery.validate(PartTreeJpaQuery.java:147)
	at org.springframework.data.jpa.repository.query.PartTreeJpaQuery.<init>(PartTreeJpaQuery.java:90)
	... 70 common frames omitted
2023-01-06 00:13:38,601 INFO org.springframework.boot.StartupInfoLogger [main] Starting LibraryApplication using Java 17.0.3 on DESKTOP-BB9277T with PID 9696 (C:\Users\javi_\IdeaProjects\Library\target\classes started by javi_ in C:\Users\javi_\IdeaProjects\Library)
2023-01-06 00:13:38,603 INFO org.springframework.boot.SpringApplication [main] No active profile set, falling back to 1 default profile: "default"
2023-01-06 00:13:39,273 INFO org.apache.juli.logging.DirectJDKLog [main] Initializing ProtocolHandler ["http-nio-8081"]
2023-01-06 00:13:39,274 INFO org.apache.juli.logging.DirectJDKLog [main] Starting service [Tomcat]
2023-01-06 00:13:39,274 INFO org.apache.juli.logging.DirectJDKLog [main] Starting Servlet engine: [Apache Tomcat/9.0.65]
2023-01-06 00:13:39,336 INFO org.apache.juli.logging.DirectJDKLog [main] Initializing Spring embedded WebApplicationContext
2023-01-06 00:13:39,577 INFO com.zaxxer.hikari.HikariDataSource [main] HikariPool-1 - Starting...
2023-01-06 00:13:39,719 INFO com.zaxxer.hikari.HikariDataSource [main] HikariPool-1 - Start completed.
2023-01-06 00:13:40,378 WARN org.springframework.boot.autoconfigure.orm.jpa.JpaBaseConfiguration$JpaWebConfiguration [main] spring.jpa.open-in-view is enabled by default. Therefore, database queries may be performed during view rendering. Explicitly configure spring.jpa.open-in-view to disable this warning
2023-01-06 00:13:40,519 INFO org.apache.juli.logging.DirectJDKLog [main] Starting ProtocolHandler ["http-nio-8081"]
2023-01-06 00:13:40,538 INFO org.springframework.boot.StartupInfoLogger [main] Started LibraryApplication in 2.135 seconds (JVM running for 2.393)
2023-01-06 00:13:48,352 INFO org.apache.juli.logging.DirectJDKLog [http-nio-8081-exec-2] Initializing Spring DispatcherServlet 'dispatcherServlet'
2023-01-06 00:14:59,472 INFO org.springframework.boot.StartupInfoLogger [main] Starting LibraryApplication using Java 17.0.3 on DESKTOP-BB9277T with PID 7428 (C:\Users\javi_\IdeaProjects\Library\target\classes started by javi_ in C:\Users\javi_\IdeaProjects\Library)
2023-01-06 00:14:59,474 INFO org.springframework.boot.SpringApplication [main] No active profile set, falling back to 1 default profile: "default"
2023-01-06 00:15:00,162 INFO org.apache.juli.logging.DirectJDKLog [main] Initializing ProtocolHandler ["http-nio-8081"]
2023-01-06 00:15:00,163 INFO org.apache.juli.logging.DirectJDKLog [main] Starting service [Tomcat]
2023-01-06 00:15:00,163 INFO org.apache.juli.logging.DirectJDKLog [main] Starting Servlet engine: [Apache Tomcat/9.0.65]
2023-01-06 00:15:00,223 INFO org.apache.juli.logging.DirectJDKLog [main] Initializing Spring embedded WebApplicationContext
2023-01-06 00:15:00,464 INFO com.zaxxer.hikari.HikariDataSource [main] HikariPool-1 - Starting...
2023-01-06 00:15:00,617 INFO com.zaxxer.hikari.HikariDataSource [main] HikariPool-1 - Start completed.
2023-01-06 00:15:01,293 WARN org.springframework.boot.autoconfigure.orm.jpa.JpaBaseConfiguration$JpaWebConfiguration [main] spring.jpa.open-in-view is enabled by default. Therefore, database queries may be performed during view rendering. Explicitly configure spring.jpa.open-in-view to disable this warning
2023-01-06 00:15:01,435 INFO org.apache.juli.logging.DirectJDKLog [main] Starting ProtocolHandler ["http-nio-8081"]
2023-01-06 00:15:01,454 INFO org.springframework.boot.StartupInfoLogger [main] Started LibraryApplication in 2.184 seconds (JVM running for 2.675)
2023-01-06 00:15:04,095 INFO org.apache.juli.logging.DirectJDKLog [http-nio-8081-exec-1] Initializing Spring DispatcherServlet 'dispatcherServlet'
2023-01-06 00:23:30,027 INFO org.springframework.boot.StartupInfoLogger [main] Starting LibraryApplication using Java 17.0.3 on DESKTOP-BB9277T with PID 4532 (C:\Users\javi_\IdeaProjects\Library\target\classes started by javi_ in C:\Users\javi_\IdeaProjects\Library)
2023-01-06 00:23:30,029 INFO org.springframework.boot.SpringApplication [main] No active profile set, falling back to 1 default profile: "default"
2023-01-06 00:23:30,697 INFO org.apache.juli.logging.DirectJDKLog [main] Initializing ProtocolHandler ["http-nio-8081"]
2023-01-06 00:23:30,697 INFO org.apache.juli.logging.DirectJDKLog [main] Starting service [Tomcat]
2023-01-06 00:23:30,697 INFO org.apache.juli.logging.DirectJDKLog [main] Starting Servlet engine: [Apache Tomcat/9.0.65]
2023-01-06 00:23:30,760 INFO org.apache.juli.logging.DirectJDKLog [main] Initializing Spring embedded WebApplicationContext
2023-01-06 00:23:31,003 INFO com.zaxxer.hikari.HikariDataSource [main] HikariPool-1 - Starting...
2023-01-06 00:23:31,144 INFO com.zaxxer.hikari.HikariDataSource [main] HikariPool-1 - Start completed.
2023-01-06 00:23:31,810 WARN org.springframework.boot.autoconfigure.orm.jpa.JpaBaseConfiguration$JpaWebConfiguration [main] spring.jpa.open-in-view is enabled by default. Therefore, database queries may be performed during view rendering. Explicitly configure spring.jpa.open-in-view to disable this warning
2023-01-06 00:23:31,954 INFO org.apache.juli.logging.DirectJDKLog [main] Starting ProtocolHandler ["http-nio-8081"]
2023-01-06 00:23:31,973 INFO org.springframework.boot.StartupInfoLogger [main] Started LibraryApplication in 2.142 seconds (JVM running for 2.406)
2023-01-06 00:23:39,886 INFO org.apache.juli.logging.DirectJDKLog [http-nio-8081-exec-1] Initializing Spring DispatcherServlet 'dispatcherServlet'
2023-01-06 00:27:32,105 INFO org.springframework.boot.StartupInfoLogger [main] Starting LibraryApplication using Java 17.0.3 on DESKTOP-BB9277T with PID 17044 (C:\Users\javi_\IdeaProjects\Library\target\classes started by javi_ in C:\Users\javi_\IdeaProjects\Library)
2023-01-06 00:27:32,107 INFO org.springframework.boot.SpringApplication [main] No active profile set, falling back to 1 default profile: "default"
2023-01-06 00:27:32,769 INFO org.apache.juli.logging.DirectJDKLog [main] Initializing ProtocolHandler ["http-nio-8081"]
2023-01-06 00:27:32,770 INFO org.apache.juli.logging.DirectJDKLog [main] Starting service [Tomcat]
2023-01-06 00:27:32,770 INFO org.apache.juli.logging.DirectJDKLog [main] Starting Servlet engine: [Apache Tomcat/9.0.65]
2023-01-06 00:27:32,830 INFO org.apache.juli.logging.DirectJDKLog [main] Initializing Spring embedded WebApplicationContext
2023-01-06 00:27:33,066 INFO com.zaxxer.hikari.HikariDataSource [main] HikariPool-1 - Starting...
2023-01-06 00:27:33,206 INFO com.zaxxer.hikari.HikariDataSource [main] HikariPool-1 - Start completed.
2023-01-06 00:27:33,878 WARN org.springframework.boot.autoconfigure.orm.jpa.JpaBaseConfiguration$JpaWebConfiguration [main] spring.jpa.open-in-view is enabled by default. Therefore, database queries may be performed during view rendering. Explicitly configure spring.jpa.open-in-view to disable this warning
2023-01-06 00:27:34,022 INFO org.apache.juli.logging.DirectJDKLog [main] Starting ProtocolHandler ["http-nio-8081"]
2023-01-06 00:27:34,041 INFO org.springframework.boot.StartupInfoLogger [main] Started LibraryApplication in 2.131 seconds (JVM running for 2.388)
2023-01-06 00:27:45,136 INFO org.apache.juli.logging.DirectJDKLog [http-nio-8081-exec-1] Initializing Spring DispatcherServlet 'dispatcherServlet'
2023-01-06 00:29:03,462 INFO org.springframework.boot.StartupInfoLogger [main] Starting LibraryApplication using Java 17.0.3 on DESKTOP-BB9277T with PID 15036 (C:\Users\javi_\IdeaProjects\Library\target\classes started by javi_ in C:\Users\javi_\IdeaProjects\Library)
2023-01-06 00:29:03,464 INFO org.springframework.boot.SpringApplication [main] No active profile set, falling back to 1 default profile: "default"
2023-01-06 00:29:04,123 INFO org.apache.juli.logging.DirectJDKLog [main] Initializing ProtocolHandler ["http-nio-8081"]
2023-01-06 00:29:04,124 INFO org.apache.juli.logging.DirectJDKLog [main] Starting service [Tomcat]
2023-01-06 00:29:04,124 INFO org.apache.juli.logging.DirectJDKLog [main] Starting Servlet engine: [Apache Tomcat/9.0.65]
2023-01-06 00:29:04,185 INFO org.apache.juli.logging.DirectJDKLog [main] Initializing Spring embedded WebApplicationContext
2023-01-06 00:29:04,425 INFO com.zaxxer.hikari.HikariDataSource [main] HikariPool-1 - Starting...
2023-01-06 00:29:04,553 INFO com.zaxxer.hikari.HikariDataSource [main] HikariPool-1 - Start completed.
2023-01-06 00:29:05,237 WARN org.springframework.boot.autoconfigure.orm.jpa.JpaBaseConfiguration$JpaWebConfiguration [main] spring.jpa.open-in-view is enabled by default. Therefore, database queries may be performed during view rendering. Explicitly configure spring.jpa.open-in-view to disable this warning
2023-01-06 00:29:05,417 INFO org.apache.juli.logging.DirectJDKLog [main] Starting ProtocolHandler ["http-nio-8081"]
2023-01-06 00:29:05,436 INFO org.springframework.boot.StartupInfoLogger [main] Started LibraryApplication in 2.166 seconds (JVM running for 2.455)
2023-01-06 00:29:11,697 INFO org.apache.juli.logging.DirectJDKLog [http-nio-8081-exec-2] Initializing Spring DispatcherServlet 'dispatcherServlet'
2023-01-06 00:30:12,225 INFO org.springframework.boot.StartupInfoLogger [main] Starting LibraryApplication using Java 17.0.3 on DESKTOP-BB9277T with PID 14836 (C:\Users\javi_\IdeaProjects\Library\target\classes started by javi_ in C:\Users\javi_\IdeaProjects\Library)
2023-01-06 00:30:12,227 INFO org.springframework.boot.SpringApplication [main] No active profile set, falling back to 1 default profile: "default"
2023-01-06 00:30:12,912 INFO org.apache.juli.logging.DirectJDKLog [main] Initializing ProtocolHandler ["http-nio-8081"]
2023-01-06 00:30:12,913 INFO org.apache.juli.logging.DirectJDKLog [main] Starting service [Tomcat]
2023-01-06 00:30:12,913 INFO org.apache.juli.logging.DirectJDKLog [main] Starting Servlet engine: [Apache Tomcat/9.0.65]
2023-01-06 00:30:12,973 INFO org.apache.juli.logging.DirectJDKLog [main] Initializing Spring embedded WebApplicationContext
2023-01-06 00:30:13,213 INFO com.zaxxer.hikari.HikariDataSource [main] HikariPool-1 - Starting...
2023-01-06 00:30:13,352 INFO com.zaxxer.hikari.HikariDataSource [main] HikariPool-1 - Start completed.
2023-01-06 00:30:14,042 WARN org.springframework.boot.autoconfigure.orm.jpa.JpaBaseConfiguration$JpaWebConfiguration [main] spring.jpa.open-in-view is enabled by default. Therefore, database queries may be performed during view rendering. Explicitly configure spring.jpa.open-in-view to disable this warning
2023-01-06 00:30:14,182 INFO org.apache.juli.logging.DirectJDKLog [main] Starting ProtocolHandler ["http-nio-8081"]
2023-01-06 00:30:14,200 INFO org.springframework.boot.StartupInfoLogger [main] Started LibraryApplication in 2.18 seconds (JVM running for 2.451)
2023-01-06 00:30:14,736 INFO org.apache.juli.logging.DirectJDKLog [http-nio-8081-exec-1] Initializing Spring DispatcherServlet 'dispatcherServlet'
2023-01-06 00:41:42,191 INFO org.springframework.boot.StartupInfoLogger [main] Starting LibraryApplication using Java 17.0.3 on DESKTOP-BB9277T with PID 5980 (C:\Users\javi_\IdeaProjects\Library\target\classes started by javi_ in C:\Users\javi_\IdeaProjects\Library)
2023-01-06 00:41:42,194 INFO org.springframework.boot.SpringApplication [main] No active profile set, falling back to 1 default profile: "default"
2023-01-06 00:41:42,975 INFO org.apache.juli.logging.DirectJDKLog [main] Initializing ProtocolHandler ["http-nio-8081"]
2023-01-06 00:41:42,976 INFO org.apache.juli.logging.DirectJDKLog [main] Starting service [Tomcat]
2023-01-06 00:41:42,977 INFO org.apache.juli.logging.DirectJDKLog [main] Starting Servlet engine: [Apache Tomcat/9.0.65]
2023-01-06 00:41:43,043 INFO org.apache.juli.logging.DirectJDKLog [main] Initializing Spring embedded WebApplicationContext
2023-01-06 00:41:43,298 INFO com.zaxxer.hikari.HikariDataSource [main] HikariPool-1 - Starting...
2023-01-06 00:41:43,450 INFO com.zaxxer.hikari.HikariDataSource [main] HikariPool-1 - Start completed.
2023-01-06 00:41:44,159 WARN org.springframework.boot.autoconfigure.orm.jpa.JpaBaseConfiguration$JpaWebConfiguration [main] spring.jpa.open-in-view is enabled by default. Therefore, database queries may be performed during view rendering. Explicitly configure spring.jpa.open-in-view to disable this warning
2023-01-06 00:41:44,302 INFO org.apache.juli.logging.DirectJDKLog [main] Starting ProtocolHandler ["http-nio-8081"]
2023-01-06 00:41:44,320 INFO org.springframework.boot.StartupInfoLogger [main] Started LibraryApplication in 2.334 seconds (JVM running for 2.604)
2023-01-06 00:41:49,940 INFO org.apache.juli.logging.DirectJDKLog [http-nio-8081-exec-1] Initializing Spring DispatcherServlet 'dispatcherServlet'
2023-01-06 00:54:19,285 INFO org.springframework.boot.StartupInfoLogger [main] Starting LibraryApplication using Java 17.0.3 on DESKTOP-BB9277T with PID 1040 (C:\Users\javi_\IdeaProjects\Library\target\classes started by javi_ in C:\Users\javi_\IdeaProjects\Library)
2023-01-06 00:54:19,287 INFO org.springframework.boot.SpringApplication [main] No active profile set, falling back to 1 default profile: "default"
2023-01-06 00:54:19,954 INFO org.apache.juli.logging.DirectJDKLog [main] Initializing ProtocolHandler ["http-nio-8081"]
2023-01-06 00:54:19,954 INFO org.apache.juli.logging.DirectJDKLog [main] Starting service [Tomcat]
2023-01-06 00:54:19,955 INFO org.apache.juli.logging.DirectJDKLog [main] Starting Servlet engine: [Apache Tomcat/9.0.65]
2023-01-06 00:54:20,015 INFO org.apache.juli.logging.DirectJDKLog [main] Initializing Spring embedded WebApplicationContext
2023-01-06 00:54:20,254 INFO com.zaxxer.hikari.HikariDataSource [main] HikariPool-1 - Starting...
2023-01-06 00:54:20,397 INFO com.zaxxer.hikari.HikariDataSource [main] HikariPool-1 - Start completed.
2023-01-06 00:54:21,060 WARN org.springframework.boot.autoconfigure.orm.jpa.JpaBaseConfiguration$JpaWebConfiguration [main] spring.jpa.open-in-view is enabled by default. Therefore, database queries may be performed during view rendering. Explicitly configure spring.jpa.open-in-view to disable this warning
2023-01-06 00:54:21,202 INFO org.apache.juli.logging.DirectJDKLog [main] Starting ProtocolHandler ["http-nio-8081"]
2023-01-06 00:54:21,220 INFO org.springframework.boot.StartupInfoLogger [main] Started LibraryApplication in 2.129 seconds (JVM running for 2.39)
2023-01-06 00:54:26,519 INFO org.apache.juli.logging.DirectJDKLog [http-nio-8081-exec-1] Initializing Spring DispatcherServlet 'dispatcherServlet'
2023-01-06 00:59:08,478 INFO org.springframework.boot.StartupInfoLogger [main] Starting LibraryApplication using Java 17.0.3 on DESKTOP-BB9277T with PID 2548 (C:\Users\javi_\IdeaProjects\Library\target\classes started by javi_ in C:\Users\javi_\IdeaProjects\Library)
2023-01-06 00:59:08,480 INFO org.springframework.boot.SpringApplication [main] No active profile set, falling back to 1 default profile: "default"
2023-01-06 00:59:09,137 INFO org.apache.juli.logging.DirectJDKLog [main] Initializing ProtocolHandler ["http-nio-8081"]
2023-01-06 00:59:09,138 INFO org.apache.juli.logging.DirectJDKLog [main] Starting service [Tomcat]
2023-01-06 00:59:09,138 INFO org.apache.juli.logging.DirectJDKLog [main] Starting Servlet engine: [Apache Tomcat/9.0.65]
2023-01-06 00:59:09,199 INFO org.apache.juli.logging.DirectJDKLog [main] Initializing Spring embedded WebApplicationContext
2023-01-06 00:59:09,441 INFO com.zaxxer.hikari.HikariDataSource [main] HikariPool-1 - Starting...
2023-01-06 00:59:09,588 INFO com.zaxxer.hikari.HikariDataSource [main] HikariPool-1 - Start completed.
2023-01-06 00:59:10,253 WARN org.springframework.boot.autoconfigure.orm.jpa.JpaBaseConfiguration$JpaWebConfiguration [main] spring.jpa.open-in-view is enabled by default. Therefore, database queries may be performed during view rendering. Explicitly configure spring.jpa.open-in-view to disable this warning
2023-01-06 00:59:10,394 INFO org.apache.juli.logging.DirectJDKLog [main] Starting ProtocolHandler ["http-nio-8081"]
2023-01-06 00:59:10,413 INFO org.springframework.boot.StartupInfoLogger [main] Started LibraryApplication in 2.128 seconds (JVM running for 2.384)
2023-01-06 00:59:15,960 INFO org.apache.juli.logging.DirectJDKLog [http-nio-8081-exec-1] Initializing Spring DispatcherServlet 'dispatcherServlet'
2023-01-06 01:03:19,171 INFO org.springframework.boot.StartupInfoLogger [main] Starting LibraryApplication using Java 17.0.3 on DESKTOP-BB9277T with PID 15976 (C:\Users\javi_\IdeaProjects\Library\target\classes started by javi_ in C:\Users\javi_\IdeaProjects\Library)
2023-01-06 01:03:19,172 INFO org.springframework.boot.SpringApplication [main] No active profile set, falling back to 1 default profile: "default"
2023-01-06 01:03:19,839 INFO org.apache.juli.logging.DirectJDKLog [main] Initializing ProtocolHandler ["http-nio-8081"]
2023-01-06 01:03:19,840 INFO org.apache.juli.logging.DirectJDKLog [main] Starting service [Tomcat]
2023-01-06 01:03:19,840 INFO org.apache.juli.logging.DirectJDKLog [main] Starting Servlet engine: [Apache Tomcat/9.0.65]
2023-01-06 01:03:19,905 INFO org.apache.juli.logging.DirectJDKLog [main] Initializing Spring embedded WebApplicationContext
2023-01-06 01:03:20,141 INFO com.zaxxer.hikari.HikariDataSource [main] HikariPool-1 - Starting...
2023-01-06 01:03:20,282 INFO com.zaxxer.hikari.HikariDataSource [main] HikariPool-1 - Start completed.
2023-01-06 01:03:20,964 WARN org.springframework.boot.autoconfigure.orm.jpa.JpaBaseConfiguration$JpaWebConfiguration [main] spring.jpa.open-in-view is enabled by default. Therefore, database queries may be performed during view rendering. Explicitly configure spring.jpa.open-in-view to disable this warning
2023-01-06 01:03:21,111 INFO org.apache.juli.logging.DirectJDKLog [main] Starting ProtocolHandler ["http-nio-8081"]
2023-01-06 01:03:21,130 INFO org.springframework.boot.StartupInfoLogger [main] Started LibraryApplication in 2.153 seconds (JVM running for 2.456)
2023-01-06 01:03:21,699 INFO org.apache.juli.logging.DirectJDKLog [http-nio-8081-exec-2] Initializing Spring DispatcherServlet 'dispatcherServlet'
